Log file open, 01/30/19 18:27:41
LogWindows: Failed to load 'aqProf.dll' (GetLastError=126)
LogWindows: File 'aqProf.dll' does not exist
LogWindows: Failed to load 'VtuneApi.dll' (GetLastError=126)
LogWindows: File 'VtuneApi.dll' does not exist
LogWindows: Failed to load 'VtuneApi32e.dll' (GetLastError=126)
LogWindows: File 'VtuneApi32e.dll' does not exist
LogConsoleResponse: Display: Failed to find resolution value strings in scalability ini. Falling back to default.
LogInit: Display: Running engine for game: The_Hidden_SCP
LogPakFile: Registered encryption key '00000000000000000000000000000000': 0 pak files mounted, 0 remain pending
LogPlatformFile: Not using cached read wrapper
LogTaskGraph: Started task graph with 5 named threads and 47 total threads with 3 sets of task threads.
LogStats: Stats thread started at 0.535621
LogD3D11RHI: Loaded GFSDK_Aftermath_Lib.x64.dll
LogICUInternationalization: ICU TimeZone Detection - Raw Offset: +1:00, Platform Override: ''
LogPluginManager: Mounting plugin Paper2D
LogPluginManager: Mounting plugin AISupport
LogPluginManager: Mounting plugin LightPropagationVolume
LogPluginManager: Mounting plugin ActorLayerUtilities
LogPluginManager: Mounting plugin CLionSourceCodeAccess
LogPluginManager: Mounting plugin CodeLiteSourceCodeAccess
LogPluginManager: Mounting plugin GitSourceControl
LogPluginManager: Mounting plugin KDevelopSourceCodeAccess
LogPluginManager: Mounting plugin NullSourceCodeAccess
LogPluginManager: Mounting plugin PerforceSourceControl
LogPluginManager: Mounting plugin SubversionSourceControl
LogPluginManager: Mounting plugin UObjectPlugin
LogPluginManager: Mounting plugin VisualStudioCodeSourceCodeAccess
LogPluginManager: Mounting plugin VisualStudioSourceCodeAccess
LogPluginManager: Mounting plugin XCodeSourceCodeAccess
LogPluginManager: Mounting plugin AssetManagerEditor
LogPluginManager: Mounting plugin CryptoKeys
LogPluginManager: Mounting plugin DataValidation
LogPluginManager: Mounting plugin FacialAnimation
LogPluginManager: Mounting plugin GameplayTagsEditor
LogPluginManager: Mounting plugin MacGraphicsSwitching
LogPluginManager: Mounting plugin MeshEditor
LogPluginManager: Mounting plugin MobileLauncherProfileWizard
LogPluginManager: Mounting plugin PluginBrowser
LogPluginManager: Mounting plugin SpeedTreeImporter
LogPluginManager: Mounting plugin DatasmithContent
LogPluginManager: Mounting plugin VariantManagerContent
LogPluginManager: Mounting plugin AlembicImporter
LogPluginManager: Mounting plugin AppleImageUtils
LogPluginManager: Mounting plugin AppleVision
LogPluginManager: Mounting plugin BackChannel
LogPluginManager: Mounting plugin CharacterAI
LogPluginManager: Mounting plugin GeometryCache
LogPluginManager: Mounting plugin HTML5Networking
LogPluginManager: Mounting plugin ProxyLODPlugin
LogPluginManager: Mounting plugin MagicLeap
LogPluginManager: Mounting plugin MagicLeapMedia
LogPluginManager: Mounting plugin AndroidMedia
LogPluginManager: Mounting plugin AvfMedia
LogPluginManager: Mounting plugin ImgMedia
LogPluginManager: Mounting plugin LinearTimecode
LogPluginManager: Mounting plugin MediaCompositing
LogPluginManager: Mounting plugin MediaPlayerEditor
LogPluginManager: Mounting plugin WebMMedia
LogPluginManager: Mounting plugin WmfMedia
LogPluginManager: Mounting plugin TcpMessaging
LogPluginManager: Mounting plugin UdpMessaging
LogPluginManager: Mounting plugin ActorSequence
LogPluginManager: Mounting plugin LevelSequenceEditor
LogPluginManager: Mounting plugin MatineeToLevelSequence
LogPluginManager: Mounting plugin NetcodeUnitTest
LogPluginManager: Mounting plugin NUTUnrealEngine4
LogPluginManager: Mounting plugin OnlineSubsystemGooglePlay
LogPluginManager: Mounting plugin OnlineSubsystemIOS
LogPluginManager: Mounting plugin OnlineSubsystem
LogPluginManager: Mounting plugin OnlineSubsystemNull
LogPluginManager: Mounting plugin OnlineSubsystemUtils
LogPluginManager: Mounting plugin LauncherChunkInstaller
LogPluginManager: Mounting plugin AndroidDeviceProfileSelector
LogPluginManager: Mounting plugin AndroidMoviePlayer
LogPluginManager: Mounting plugin AndroidPermission
LogPluginManager: Mounting plugin AppleMoviePlayer
LogPluginManager: Mounting plugin ArchVisCharacter
LogPluginManager: Mounting plugin AudioCapture
LogPluginManager: Mounting plugin CableComponent
LogPluginManager: Mounting plugin CustomMeshComponent
LogPluginManager: Mounting plugin EditableMesh
LogPluginManager: Mounting plugin ExampleDeviceProfileSelector
LogPluginManager: Mounting plugin Firebase
LogPluginManager: Mounting plugin GoogleCloudMessaging
LogPluginManager: Mounting plugin IOSDeviceProfileSelector
LogPluginManager: Mounting plugin LinuxDeviceProfileSelector
LogPluginManager: Mounting plugin LocationServicesBPLibrary
LogPluginManager: Mounting plugin MobilePatchingUtils
LogPluginManager: Mounting plugin OculusVR
LogPluginManager: Mounting plugin PhysXVehicles
LogPluginManager: Mounting plugin ProceduralMeshComponent
LogPluginManager: Mounting plugin RuntimePhysXCooking
LogPluginManager: Mounting plugin SteamVR
LogPluginManager: Mounting plugin WebMMoviePlayer
LogPluginManager: Mounting plugin WindowsMoviePlayer
LogStreaming: Display: Took  0.069s to configure plugins.
LogInit: Using libcurl 7.55.1-DEV
LogInit:  - built for x86_64-pc-win32
LogInit:  - supports SSL with OpenSSL/1.0.2h
LogInit:  - supports HTTP deflate (compression) using libz 1.2.8
LogInit:  - other features:
LogInit:      CURL_VERSION_SSL
LogInit:      CURL_VERSION_LIBZ
LogInit:      CURL_VERSION_IPV6
LogInit:      CURL_VERSION_ASYNCHDNS
LogInit:      CURL_VERSION_LARGEFILE
LogInit:      CURL_VERSION_IDN
LogInit:  CurlRequestOptions (configurable via config and command line):
LogInit:  - bVerifyPeer = true  - Libcurl will verify peer certificate
LogInit:  - bUseHttpProxy = false  - Libcurl will NOT use HTTP proxy
LogInit:  - bDontReuseConnections = false  - Libcurl will reuse connections
LogInit:  - MaxHostConnections = 16  - Libcurl will limit the number of connections to a host
LogInit:  - LocalHostAddr = Default
LogInit:  - BufferSize = 65536
LogInit: WinSock: version 1.1 (2.2), MaxSocks=32767, MaxUdp=65467
LogInit: Build: ++UE4+Release-4.21-CL-4541578
LogInit: Engine Version: 4.21.0-4541578+++UE4+Release-4.21
LogInit: Compatible Engine Version: 4.21.0-4541578+++UE4+Release-4.21
LogInit: Net CL: 4541578
LogInit: OS: Windows 10 (), CPU: AMD Ryzen 7 1700 Eight-Core Processor          , GPU: NVIDIA GeForce GTX 1080
LogInit: Compiled (64-bit): Nov  6 2018 02:04:24
LogInit: Compiled with Visual C++: 19.13.26129.00
LogInit: Build Configuration: Development
LogInit: Branch Name: ++UE4+Release-4.21
LogInit: Command Line: 
LogInit: Base Directory: G:/Apps/Epic Games/UE_4.21/Engine/Binaries/Win64/
LogInit: Installed Engine Build: 1
LogDevObjectVersion: Number of dev versions registered: 22
LogDevObjectVersion:   Dev-Blueprints (B0D832E4-1F89-4F0D-ACCF-7EB736FD4AA2): 10
LogDevObjectVersion:   Dev-Build (E1C64328-A22C-4D53-A36C-8E866417BD8C): 0
LogDevObjectVersion:   Dev-Core (375EC13C-06E4-48FB-B500-84F0262A717E): 2
LogDevObjectVersion:   Dev-Editor (E4B068ED-F494-42E9-A231-DA0B2E46BB41): 26
LogDevObjectVersion:   Dev-Framework (CFFC743F-43B0-4480-9391-14DF171D2073): 34
LogDevObjectVersion:   Dev-Mobile (B02B49B5-BB20-44E9-A304-32B752E40360): 2
LogDevObjectVersion:   Dev-Networking (A4E4105C-59A1-49B5-A7C5-40C4547EDFEE): 0
LogDevObjectVersion:   Dev-Online (39C831C9-5AE6-47DC-9A44-9C173E1C8E7C): 0
LogDevObjectVersion:   Dev-Physics (78F01B33-EBEA-4F98-B9B4-84EACCB95AA2): 0
LogDevObjectVersion:   Dev-Platform (6631380F-2D4D-43E0-8009-CF276956A95A): 0
LogDevObjectVersion:   Dev-Rendering (12F88B9F-8875-4AFC-A67C-D90C383ABD29): 27
LogDevObjectVersion:   Dev-Sequencer (7B5AE74C-D270-4C10-A958-57980B212A5A): 9
LogDevObjectVersion:   Dev-VR (D7296918-1DD6-4BDD-9DE2-64A83CC13884): 2
LogDevObjectVersion:   Dev-LoadTimes (C2A15278-BFE7-4AFE-6C17-90FF531DF755): 1
LogDevObjectVersion:   Private-Geometry (6EACA3D4-40EC-4CC1-B786-8BED09428FC5): 3
LogDevObjectVersion:   Dev-AnimPhys (29E575DD-E0A3-4627-9D10-D276232CDCEA): 17
LogDevObjectVersion:   Dev-Anim (AF43A65D-7FD3-4947-9873-3E8ED9C1BB05): 2
LogDevObjectVersion:   Dev-ReflectionCapture (6B266CEC-1EC7-4B8F-A30B-E4D90942FC07): 1
LogDevObjectVersion:   Dev-Automation (0DF73D61-A23F-47EA-B727-89E90C41499A): 1
LogDevObjectVersion:   FortniteMain (601D1886-AC64-4F84-AA16-D3DE0DEAC7D6): 17
LogDevObjectVersion:   Dev-Enterprise (9DFFBCD6-494F-0158-E221-12823C92A888): 4
LogDevObjectVersion:   Dev-Niagara (F2AED0AC-9AFE-416F-8664-AA7FFA26D6FC): 1
LogStreaming: Display: Took  0.000s to delete old logs.
LogInit: Presizing for max 8388607 objects, including 0 objects not considered by GC, pre-allocating 0 bytes for permanent pool.
LogInit: Object subsystem initialized
LogConfig: Setting CVar [[con.DebugEarlyDefault:1]]
LogConfig: Setting CVar [[r.setres:1280x720]]
[2019.01.30-17.27.41:761][  0]LogConfig: Setting CVar [[r.VSync:0]]
[2019.01.30-17.27.41:761][  0]LogConfig: Setting CVar [[r.RHICmdBypass:0]]
[2019.01.30-17.27.41:761][  0]LogConfig: Applying CVar settings from Section [/Script/Engine.RendererSettings] File [X:/Other/UE4/The_Hidden_SCP_Evolved/Saved/Config/Windows/Engine.ini]
[2019.01.30-17.27.41:761][  0]LogConfig: Setting CVar [[r.GPUCrashDebugging:0]]
[2019.01.30-17.27.41:761][  0]LogConfig: Applying CVar settings from Section [/Script/Engine.RendererOverrideSettings] File [X:/Other/UE4/The_Hidden_SCP_Evolved/Saved/Config/Windows/Engine.ini]
[2019.01.30-17.27.41:761][  0]LogConfig: Applying CVar settings from Section [/Script/Engine.StreamingSettings] File [X:/Other/UE4/The_Hidden_SCP_Evolved/Saved/Config/Windows/Engine.ini]
[2019.01.30-17.27.41:761][  0]LogConfig: Setting CVar [[s.MinBulkDataSizeForAsyncLoading:131072]]
[2019.01.30-17.27.41:761][  0]LogConfig: Setting CVar [[s.AsyncLoadingThreadEnabled:0]]
[2019.01.30-17.27.41:761][  0]LogConfig: Setting CVar [[s.EventDrivenLoaderEnabled:1]]
[2019.01.30-17.27.41:761][  0]LogConfig: Setting CVar [[s.WarnIfTimeLimitExceeded:0]]
[2019.01.30-17.27.41:761][  0]LogConfig: Setting CVar [[s.TimeLimitExceededMultiplier:1.5]]
[2019.01.30-17.27.41:761][  0]LogConfig: Setting CVar [[s.TimeLimitExceededMinTime:0.005]]
[2019.01.30-17.27.41:761][  0]LogConfig: Setting CVar [[s.UseBackgroundLevelStreaming:1]]
[2019.01.30-17.27.41:761][  0]LogConfig: Setting CVar [[s.PriorityAsyncLoadingExtraTime:15.0]]
[2019.01.30-17.27.41:762][  0]LogConfig: Setting CVar [[s.LevelStreamingActorsUpdateTimeLimit:5.0]]
[2019.01.30-17.27.41:762][  0]LogConfig: Setting CVar [[s.PriorityLevelStreamingActorsUpdateExtraTime:5.0]]
[2019.01.30-17.27.41:762][  0]LogConfig: Setting CVar [[s.LevelStreamingComponentsRegistrationGranularity:10]]
[2019.01.30-17.27.41:762][  0]LogConfig: Setting CVar [[s.UnregisterComponentsTimeLimit:1.0]]
[2019.01.30-17.27.41:762][  0]LogConfig: Setting CVar [[s.LevelStreamingComponentsUnregistrationGranularity:5]]
[2019.01.30-17.27.41:762][  0]LogConfig: Applying CVar settings from Section [/Script/Engine.GarbageCollectionSettings] File [X:/Other/UE4/The_Hidden_SCP_Evolved/Saved/Config/Windows/Engine.ini]
[2019.01.30-17.27.41:762][  0]LogConfig: Setting CVar [[gc.MaxObjectsNotConsideredByGC:1]]
[2019.01.30-17.27.41:762][  0]LogConfig: Setting CVar [[gc.SizeOfPermanentObjectPool:0]]
[2019.01.30-17.27.41:762][  0]LogConfig: Setting CVar [[gc.FlushStreamingOnGC:0]]
[2019.01.30-17.27.41:762][  0]LogConfig: Setting CVar [[gc.NumRetriesBeforeForcingGC:10]]
[2019.01.30-17.27.41:762][  0]LogConfig: Setting CVar [[gc.AllowParallelGC:1]]
[2019.01.30-17.27.41:762][  0]LogConfig: Setting CVar [[gc.TimeBetweenPurgingPendingKillObjects:61.1]]
[2019.01.30-17.27.41:762][  0]LogConfig: Setting CVar [[gc.MaxObjectsInEditor:8388607]]
[2019.01.30-17.27.41:762][  0]LogConfig: Setting CVar [[gc.IncrementalBeginDestroyEnabled:1]]
[2019.01.30-17.27.41:762][  0]LogConfig: Setting CVar [[gc.CreateGCClusters:1]]
[2019.01.30-17.27.41:762][  0]LogConfig: Setting CVar [[gc.MergeGCClusters:0]]
[2019.01.30-17.27.41:762][  0]LogConfig: Setting CVar [[gc.MinGCClusterSize:5]]
[2019.01.30-17.27.41:762][  0]LogConfig: Setting CVar [[gc.ActorClusteringEnabled:0]]
[2019.01.30-17.27.41:762][  0]LogConfig: Setting CVar [[gc.BlueprintClusteringEnabled:0]]
[2019.01.30-17.27.41:762][  0]LogConfig: Setting CVar [[gc.UseDisregardForGCOnDedicatedServers:0]]
[2019.01.30-17.27.41:762][  0]LogConfig: Applying CVar settings from Section [/Script/Engine.NetworkSettings] File [X:/Other/UE4/The_Hidden_SCP_Evolved/Saved/Config/Windows/Engine.ini]
[2019.01.30-17.27.41:762][  0]LogConfig: Applying CVar settings from Section [/Script/UnrealEd.CookerSettings] File [X:/Other/UE4/The_Hidden_SCP_Evolved/Saved/Config/Windows/Engine.ini]
[2019.01.30-17.27.41:769][  0]LogConfig: Applying CVar settings from Section [ViewDistanceQuality@3] File [X:/Other/UE4/The_Hidden_SCP_Evolved/Saved/Config/Windows/Scalability.ini]
[2019.01.30-17.27.41:769][  0]LogConfig: Setting CVar [[r.SkeletalMeshLODBias:0]]
[2019.01.30-17.27.41:769][  0]LogConfig: Setting CVar [[r.ViewDistanceScale:1.0]]
[2019.01.30-17.27.41:769][  0]LogConfig: Applying CVar settings from Section [AntiAliasingQuality@3] File [X:/Other/UE4/The_Hidden_SCP_Evolved/Saved/Config/Windows/Scalability.ini]
[2019.01.30-17.27.41:769][  0]LogConfig: Setting CVar [[r.PostProcessAAQuality:4]]
[2019.01.30-17.27.41:769][  0]LogConfig: Applying CVar settings from Section [ShadowQuality@3] File [X:/Other/UE4/The_Hidden_SCP_Evolved/Saved/Config/Windows/Scalability.ini]
[2019.01.30-17.27.41:769][  0]LogConfig: Setting CVar [[r.LightFunctionQuality:1]]
[2019.01.30-17.27.41:769][  0]LogConfig: Setting CVar [[r.ShadowQuality:5]]
[2019.01.30-17.27.41:769][  0]LogConfig: Setting CVar [[r.Shadow.CSM.MaxCascades:10]]
[2019.01.30-17.27.41:769][  0]LogConfig: Setting CVar [[r.Shadow.MaxResolution:2048]]
[2019.01.30-17.27.41:769][  0]LogConfig: Setting CVar [[r.Shadow.MaxCSMResolution:2048]]
[2019.01.30-17.27.41:769][  0]LogConfig: Setting CVar [[r.Shadow.RadiusThreshold:0.01]]
[2019.01.30-17.27.41:769][  0]LogConfig: Setting CVar [[r.Shadow.DistanceScale:1.0]]
[2019.01.30-17.27.41:769][  0]LogConfig: Setting CVar [[r.Shadow.CSM.TransitionScale:1.0]]
[2019.01.30-17.27.41:769][  0]LogConfig: Setting CVar [[r.Shadow.PreShadowResolutionFactor:1.0]]
[2019.01.30-17.27.41:769][  0]LogConfig: Setting CVar [[r.DistanceFieldShadowing:1]]
[2019.01.30-17.27.41:769][  0]LogConfig: Setting CVar [[r.DistanceFieldAO:1]]
[2019.01.30-17.27.41:769][  0]LogConfig: Setting CVar [[r.AOQuality:2]]
[2019.01.30-17.27.41:769][  0]LogConfig: Setting CVar [[r.VolumetricFog:1]]
[2019.01.30-17.27.41:769][  0]LogConfig: Setting CVar [[r.VolumetricFog.GridPixelSize:8]]
[2019.01.30-17.27.41:769][  0]LogConfig: Setting CVar [[r.VolumetricFog.GridSizeZ:128]]
[2019.01.30-17.27.41:769][  0]LogConfig: Setting CVar [[r.VolumetricFog.HistoryMissSupersampleCount:4]]
[2019.01.30-17.27.41:769][  0]LogConfig: Setting CVar [[r.LightMaxDrawDistanceScale:1]]
[2019.01.30-17.27.41:769][  0]LogConfig: Setting CVar [[r.CapsuleShadows:1]]
[2019.01.30-17.27.41:769][  0]LogConfig: Applying CVar settings from Section [PostProcessQuality@3] File [X:/Other/UE4/The_Hidden_SCP_Evolved/Saved/Config/Windows/Scalability.ini]
[2019.01.30-17.27.41:769][  0]LogConfig: Setting CVar [[r.MotionBlurQuality:4]]
[2019.01.30-17.27.41:769][  0]LogConfig: Setting CVar [[r.AmbientOcclusionMipLevelFactor:0.4]]
[2019.01.30-17.27.41:769][  0]LogConfig: Setting CVar [[r.AmbientOcclusionMaxQuality:100]]
[2019.01.30-17.27.41:769][  0]LogConfig: Setting CVar [[r.AmbientOcclusionLevels:-1]]
[2019.01.30-17.27.41:769][  0]LogConfig: Setting CVar [[r.AmbientOcclusionRadiusScale:1.0]]
[2019.01.30-17.27.41:769][  0]LogConfig: Setting CVar [[r.DepthOfFieldQuality:2]]
[2019.01.30-17.27.41:769][  0]LogConfig: Setting CVar [[r.RenderTargetPoolMin:400]]
[2019.01.30-17.27.41:769][  0]LogConfig: Setting CVar [[r.LensFlareQuality:2]]
[2019.01.30-17.27.41:769][  0]LogConfig: Setting CVar [[r.SceneColorFringeQuality:1]]
[2019.01.30-17.27.41:769][  0]LogConfig: Setting CVar [[r.EyeAdaptationQuality:2]]
[2019.01.30-17.27.41:769][  0]LogConfig: Setting CVar [[r.BloomQuality:5]]
[2019.01.30-17.27.41:769][  0]LogConfig: Setting CVar [[r.FastBlurThreshold:100]]
[2019.01.30-17.27.41:769][  0]LogConfig: Setting CVar [[r.Upscale.Quality:3]]
[2019.01.30-17.27.41:769][  0]LogConfig: Setting CVar [[r.Tonemapper.GrainQuantization:1]]
[2019.01.30-17.27.41:769][  0]LogConfig: Setting CVar [[r.LightShaftQuality:1]]
[2019.01.30-17.27.41:769][  0]LogConfig: Setting CVar [[r.Filter.SizeScale:1]]
[2019.01.30-17.27.41:769][  0]LogConfig: Setting CVar [[r.Tonemapper.Quality:5]]
[2019.01.30-17.27.41:769][  0]LogConfig: Setting CVar [[r.DOF.Gather.AccumulatorQuality:1        ; higher gathering accumulator quality]]
[2019.01.30-17.27.41:769][  0]LogConfig: Setting CVar [[r.DOF.Gather.PostfilterMethod:1          ; Median3x3 postfilering method]]
[2019.01.30-17.27.41:769][  0]LogConfig: Setting CVar [[r.DOF.Gather.EnableBokehSettings:0       ; no bokeh simulation when gathering]]
[2019.01.30-17.27.41:769][  0]LogConfig: Setting CVar [[r.DOF.Gather.RingCount:4                 ; medium number of samples when gathering]]
[2019.01.30-17.27.41:769][  0]LogConfig: Setting CVar [[r.DOF.Scatter.ForegroundCompositing:1    ; additive foreground scattering]]
[2019.01.30-17.27.41:769][  0]LogConfig: Setting CVar [[r.DOF.Scatter.BackgroundCompositing:2    ; additive background scattering]]
[2019.01.30-17.27.41:769][  0]LogConfig: Setting CVar [[r.DOF.Scatter.EnableBokehSettings:1      ; bokeh simulation when scattering]]
[2019.01.30-17.27.41:769][  0]LogConfig: Setting CVar [[r.DOF.Scatter.MaxSpriteRatio:0.1         ; only a maximum of 10% of scattered bokeh]]
[2019.01.30-17.27.41:769][  0]LogConfig: Setting CVar [[r.DOF.Recombine.Quality:1                ; cheap slight out of focus]]
[2019.01.30-17.27.41:770][  0]LogConfig: Setting CVar [[r.DOF.Recombine.EnableBokehSettings:0    ; no bokeh simulation on slight out of focus]]
[2019.01.30-17.27.41:770][  0]LogConfig: Setting CVar [[r.DOF.TemporalAAQuality:1                ; more stable temporal accumulation]]
[2019.01.30-17.27.41:770][  0]LogConfig: Setting CVar [[r.DOF.Kernel.MaxForegroundRadius:0.025]]
[2019.01.30-17.27.41:770][  0]LogConfig: Setting CVar [[r.DOF.Kernel.MaxBackgroundRadius:0.025]]
[2019.01.30-17.27.41:770][  0]LogConfig: Applying CVar settings from Section [TextureQuality@3] File [X:/Other/UE4/The_Hidden_SCP_Evolved/Saved/Config/Windows/Scalability.ini]
[2019.01.30-17.27.41:770][  0]LogConfig: Setting CVar [[r.Streaming.MipBias:0]]
[2019.01.30-17.27.41:770][  0]LogConfig: Setting CVar [[r.Streaming.AmortizeCPUToGPUCopy:0]]
[2019.01.30-17.27.41:770][  0]LogConfig: Setting CVar [[r.Streaming.MaxNumTexturesToStreamPerFrame:0]]
[2019.01.30-17.27.41:770][  0]LogConfig: Setting CVar [[r.Streaming.Boost:1]]
[2019.01.30-17.27.41:770][  0]LogConfig: Setting CVar [[r.MaxAnisotropy:8]]
[2019.01.30-17.27.41:770][  0]LogConfig: Setting CVar [[r.Streaming.LimitPoolSizeToVRAM:0]]
[2019.01.30-17.27.41:770][  0]LogConfig: Setting CVar [[r.Streaming.PoolSize:1000]]
[2019.01.30-17.27.41:770][  0]LogConfig: Setting CVar [[r.Streaming.MaxEffectiveScreenSize:0]]
[2019.01.30-17.27.41:770][  0]LogConfig: Applying CVar settings from Section [EffectsQuality@3] File [X:/Other/UE4/The_Hidden_SCP_Evolved/Saved/Config/Windows/Scalability.ini]
[2019.01.30-17.27.41:770][  0]LogConfig: Setting CVar [[r.TranslucencyLightingVolumeDim:64]]
[2019.01.30-17.27.41:770][  0]LogConfig: Setting CVar [[r.RefractionQuality:2]]
[2019.01.30-17.27.41:770][  0]LogConfig: Setting CVar [[r.SSR.Quality:3]]
[2019.01.30-17.27.41:770][  0]LogConfig: Setting CVar [[r.SceneColorFormat:4]]
[2019.01.30-17.27.41:770][  0]LogConfig: Setting CVar [[r.DetailMode:2]]
[2019.01.30-17.27.41:770][  0]LogConfig: Setting CVar [[r.TranslucencyVolumeBlur:1]]
[2019.01.30-17.27.41:770][  0]LogConfig: Setting CVar [[r.MaterialQualityLevel:1 ; High quality]]
[2019.01.30-17.27.41:770][  0]LogConfig: Setting CVar [[r.SSS.Scale:1]]
[2019.01.30-17.27.41:770][  0]LogConfig: Setting CVar [[r.SSS.SampleSet:2]]
[2019.01.30-17.27.41:770][  0]LogConfig: Setting CVar [[r.SSS.Quality:1]]
[2019.01.30-17.27.41:770][  0]LogConfig: Setting CVar [[r.SSS.HalfRes:1]]
[2019.01.30-17.27.41:770][  0]LogConfig: Setting CVar [[r.EmitterSpawnRateScale:1.0]]
[2019.01.30-17.27.41:770][  0]LogConfig: Setting CVar [[r.ParticleLightQuality:2]]
[2019.01.30-17.27.41:770][  0]LogConfig: Applying CVar settings from Section [FoliageQuality@3] File [X:/Other/UE4/The_Hidden_SCP_Evolved/Saved/Config/Windows/Scalability.ini]
[2019.01.30-17.27.41:770][  0]LogConfig: Setting CVar [[foliage.DensityScale:1.0]]
[2019.01.30-17.27.41:770][  0]LogConfig: Setting CVar [[grass.DensityScale:1.0]]
[2019.01.30-17.27.41:770][  0]LogInit: Selected Device Profile: [Windows]
[2019.01.30-17.27.41:770][  0]LogInit: Applying CVar settings loaded from the selected device profile: [Windows]
[2019.01.30-17.27.41:779][  0]LogHAL: Display: Platform has ~ 16 GB [17112879104 / 17179869184 / 16], which maps to Larger [LargestMinGB=32, LargerMinGB=12, DefaultMinGB=8, SmallerMinGB=6, SmallestMinGB=0)
[2019.01.30-17.27.41:779][  0]LogConfig: Setting CVar [[r.Vulkan.UseRealUBs:1]]
[2019.01.30-17.27.41:779][  0]LogInit: Going up to parent DeviceProfile []
[2019.01.30-17.27.41:779][  0]LogConfig: Applying CVar settings from Section [ViewDistanceQuality@3] File [X:/Other/UE4/The_Hidden_SCP_Evolved/Saved/Config/Windows/Scalability.ini]
[2019.01.30-17.27.41:779][  0]LogConfig: Setting CVar [[r.SkeletalMeshLODBias:0]]
[2019.01.30-17.27.41:779][  0]LogConfig: Setting CVar [[r.ViewDistanceScale:1.0]]
[2019.01.30-17.27.41:779][  0]LogConfig: Applying CVar settings from Section [AntiAliasingQuality@3] File [X:/Other/UE4/The_Hidden_SCP_Evolved/Saved/Config/Windows/Scalability.ini]
[2019.01.30-17.27.41:779][  0]LogConfig: Setting CVar [[r.PostProcessAAQuality:4]]
[2019.01.30-17.27.41:779][  0]LogConfig: Applying CVar settings from Section [ShadowQuality@3] File [X:/Other/UE4/The_Hidden_SCP_Evolved/Saved/Config/Windows/Scalability.ini]
[2019.01.30-17.27.41:779][  0]LogConfig: Setting CVar [[r.LightFunctionQuality:1]]
[2019.01.30-17.27.41:779][  0]LogConfig: Setting CVar [[r.ShadowQuality:5]]
[2019.01.30-17.27.41:779][  0]LogConfig: Setting CVar [[r.Shadow.CSM.MaxCascades:10]]
[2019.01.30-17.27.41:779][  0]LogConfig: Setting CVar [[r.Shadow.MaxResolution:2048]]
[2019.01.30-17.27.41:779][  0]LogConfig: Setting CVar [[r.Shadow.MaxCSMResolution:2048]]
[2019.01.30-17.27.41:779][  0]LogConfig: Setting CVar [[r.Shadow.RadiusThreshold:0.01]]
[2019.01.30-17.27.41:779][  0]LogConfig: Setting CVar [[r.Shadow.DistanceScale:1.0]]
[2019.01.30-17.27.41:779][  0]LogConfig: Setting CVar [[r.Shadow.CSM.TransitionScale:1.0]]
[2019.01.30-17.27.41:779][  0]LogConfig: Setting CVar [[r.Shadow.PreShadowResolutionFactor:1.0]]
[2019.01.30-17.27.41:779][  0]LogConfig: Setting CVar [[r.DistanceFieldShadowing:1]]
[2019.01.30-17.27.41:779][  0]LogConfig: Setting CVar [[r.DistanceFieldAO:1]]
[2019.01.30-17.27.41:779][  0]LogConfig: Setting CVar [[r.AOQuality:2]]
[2019.01.30-17.27.41:779][  0]LogConfig: Setting CVar [[r.VolumetricFog:1]]
[2019.01.30-17.27.41:779][  0]LogConfig: Setting CVar [[r.VolumetricFog.GridPixelSize:8]]
[2019.01.30-17.27.41:779][  0]LogConfig: Setting CVar [[r.VolumetricFog.GridSizeZ:128]]
[2019.01.30-17.27.41:779][  0]LogConfig: Setting CVar [[r.VolumetricFog.HistoryMissSupersampleCount:4]]
[2019.01.30-17.27.41:779][  0]LogConfig: Setting CVar [[r.LightMaxDrawDistanceScale:1]]
[2019.01.30-17.27.41:779][  0]LogConfig: Setting CVar [[r.CapsuleShadows:1]]
[2019.01.30-17.27.41:779][  0]LogConfig: Applying CVar settings from Section [PostProcessQuality@3] File [X:/Other/UE4/The_Hidden_SCP_Evolved/Saved/Config/Windows/Scalability.ini]
[2019.01.30-17.27.41:779][  0]LogConfig: Setting CVar [[r.MotionBlurQuality:4]]
[2019.01.30-17.27.41:779][  0]LogConfig: Setting CVar [[r.AmbientOcclusionMipLevelFactor:0.4]]
[2019.01.30-17.27.41:779][  0]LogConfig: Setting CVar [[r.AmbientOcclusionMaxQuality:100]]
[2019.01.30-17.27.41:779][  0]LogConfig: Setting CVar [[r.AmbientOcclusionLevels:-1]]
[2019.01.30-17.27.41:779][  0]LogConfig: Setting CVar [[r.AmbientOcclusionRadiusScale:1.0]]
[2019.01.30-17.27.41:779][  0]LogConfig: Setting CVar [[r.DepthOfFieldQuality:2]]
[2019.01.30-17.27.41:779][  0]LogConfig: Setting CVar [[r.RenderTargetPoolMin:400]]
[2019.01.30-17.27.41:779][  0]LogConfig: Setting CVar [[r.LensFlareQuality:2]]
[2019.01.30-17.27.41:779][  0]LogConfig: Setting CVar [[r.SceneColorFringeQuality:1]]
[2019.01.30-17.27.41:779][  0]LogConfig: Setting CVar [[r.EyeAdaptationQuality:2]]
[2019.01.30-17.27.41:779][  0]LogConfig: Setting CVar [[r.BloomQuality:5]]
[2019.01.30-17.27.41:779][  0]LogConfig: Setting CVar [[r.FastBlurThreshold:100]]
[2019.01.30-17.27.41:779][  0]LogConfig: Setting CVar [[r.Upscale.Quality:3]]
[2019.01.30-17.27.41:779][  0]LogConfig: Setting CVar [[r.Tonemapper.GrainQuantization:1]]
[2019.01.30-17.27.41:779][  0]LogConfig: Setting CVar [[r.LightShaftQuality:1]]
[2019.01.30-17.27.41:779][  0]LogConfig: Setting CVar [[r.Filter.SizeScale:1]]
[2019.01.30-17.27.41:779][  0]LogConfig: Setting CVar [[r.Tonemapper.Quality:5]]
[2019.01.30-17.27.41:779][  0]LogConfig: Setting CVar [[r.DOF.Gather.AccumulatorQuality:1        ; higher gathering accumulator quality]]
[2019.01.30-17.27.41:779][  0]LogConfig: Setting CVar [[r.DOF.Gather.PostfilterMethod:1          ; Median3x3 postfilering method]]
[2019.01.30-17.27.41:779][  0]LogConfig: Setting CVar [[r.DOF.Gather.EnableBokehSettings:0       ; no bokeh simulation when gathering]]
[2019.01.30-17.27.41:779][  0]LogConfig: Setting CVar [[r.DOF.Gather.RingCount:4                 ; medium number of samples when gathering]]
[2019.01.30-17.27.41:779][  0]LogConfig: Setting CVar [[r.DOF.Scatter.ForegroundCompositing:1    ; additive foreground scattering]]
[2019.01.30-17.27.41:779][  0]LogConfig: Setting CVar [[r.DOF.Scatter.BackgroundCompositing:2    ; additive background scattering]]
[2019.01.30-17.27.41:779][  0]LogConfig: Setting CVar [[r.DOF.Scatter.EnableBokehSettings:1      ; bokeh simulation when scattering]]
[2019.01.30-17.27.41:779][  0]LogConfig: Setting CVar [[r.DOF.Scatter.MaxSpriteRatio:0.1         ; only a maximum of 10% of scattered bokeh]]
[2019.01.30-17.27.41:779][  0]LogConfig: Setting CVar [[r.DOF.Recombine.Quality:1                ; cheap slight out of focus]]
[2019.01.30-17.27.41:779][  0]LogConfig: Setting CVar [[r.DOF.Recombine.EnableBokehSettings:0    ; no bokeh simulation on slight out of focus]]
[2019.01.30-17.27.41:779][  0]LogConfig: Setting CVar [[r.DOF.TemporalAAQuality:1                ; more stable temporal accumulation]]
[2019.01.30-17.27.41:779][  0]LogConfig: Setting CVar [[r.DOF.Kernel.MaxForegroundRadius:0.025]]
[2019.01.30-17.27.41:779][  0]LogConfig: Setting CVar [[r.DOF.Kernel.MaxBackgroundRadius:0.025]]
[2019.01.30-17.27.41:779][  0]LogConfig: Applying CVar settings from Section [TextureQuality@3] File [X:/Other/UE4/The_Hidden_SCP_Evolved/Saved/Config/Windows/Scalability.ini]
[2019.01.30-17.27.41:779][  0]LogConfig: Setting CVar [[r.Streaming.MipBias:0]]
[2019.01.30-17.27.41:779][  0]LogConfig: Setting CVar [[r.Streaming.AmortizeCPUToGPUCopy:0]]
[2019.01.30-17.27.41:779][  0]LogConfig: Setting CVar [[r.Streaming.MaxNumTexturesToStreamPerFrame:0]]
[2019.01.30-17.27.41:780][  0]LogConfig: Setting CVar [[r.Streaming.Boost:1]]
[2019.01.30-17.27.41:780][  0]LogConfig: Setting CVar [[r.MaxAnisotropy:8]]
[2019.01.30-17.27.41:780][  0]LogConfig: Setting CVar [[r.Streaming.LimitPoolSizeToVRAM:0]]
[2019.01.30-17.27.41:780][  0]LogConfig: Setting CVar [[r.Streaming.PoolSize:1000]]
[2019.01.30-17.27.41:780][  0]LogConfig: Setting CVar [[r.Streaming.MaxEffectiveScreenSize:0]]
[2019.01.30-17.27.41:780][  0]LogConfig: Applying CVar settings from Section [EffectsQuality@3] File [X:/Other/UE4/The_Hidden_SCP_Evolved/Saved/Config/Windows/Scalability.ini]
[2019.01.30-17.27.41:780][  0]LogConfig: Setting CVar [[r.TranslucencyLightingVolumeDim:64]]
[2019.01.30-17.27.41:780][  0]LogConfig: Setting CVar [[r.RefractionQuality:2]]
[2019.01.30-17.27.41:780][  0]LogConfig: Setting CVar [[r.SSR.Quality:3]]
[2019.01.30-17.27.41:780][  0]LogConfig: Setting CVar [[r.SceneColorFormat:4]]
[2019.01.30-17.27.41:780][  0]LogConfig: Setting CVar [[r.DetailMode:2]]
[2019.01.30-17.27.41:780][  0]LogConfig: Setting CVar [[r.TranslucencyVolumeBlur:1]]
[2019.01.30-17.27.41:780][  0]LogConfig: Setting CVar [[r.MaterialQualityLevel:1 ; High quality]]
[2019.01.30-17.27.41:780][  0]LogConfig: Setting CVar [[r.SSS.Scale:1]]
[2019.01.30-17.27.41:780][  0]LogConfig: Setting CVar [[r.SSS.SampleSet:2]]
[2019.01.30-17.27.41:780][  0]LogConfig: Setting CVar [[r.SSS.Quality:1]]
[2019.01.30-17.27.41:780][  0]LogConfig: Setting CVar [[r.SSS.HalfRes:1]]
[2019.01.30-17.27.41:780][  0]LogConfig: Setting CVar [[r.EmitterSpawnRateScale:1.0]]
[2019.01.30-17.27.41:780][  0]LogConfig: Setting CVar [[r.ParticleLightQuality:2]]
[2019.01.30-17.27.41:780][  0]LogConfig: Applying CVar settings from Section [FoliageQuality@3] File [X:/Other/UE4/The_Hidden_SCP_Evolved/Saved/Config/Windows/Scalability.ini]
[2019.01.30-17.27.41:780][  0]LogConfig: Setting CVar [[foliage.DensityScale:1.0]]
[2019.01.30-17.27.41:780][  0]LogConfig: Setting CVar [[grass.DensityScale:1.0]]
[2019.01.30-17.27.41:780][  0]LogConfig: Applying CVar settings from Section [Startup] File [../../../Engine/Config/ConsoleVariables.ini]
[2019.01.30-17.27.41:780][  0]LogConfig: Setting CVar [[net.UseAdaptiveNetUpdateFrequency:0]]
[2019.01.30-17.27.41:780][  0]LogConfig: Applying CVar settings from Section [ConsoleVariables] File [X:/Other/UE4/The_Hidden_SCP_Evolved/Saved/Config/Windows/Engine.ini]
[2019.01.30-17.27.41:780][  0]LogInit: Computer: UNICORN_9000
[2019.01.30-17.27.41:780][  0]LogInit: User: bzjas
[2019.01.30-17.27.41:780][  0]LogInit: CPU Page size=4096, Cores=8
[2019.01.30-17.27.41:780][  0]LogInit: High frequency timer resolution =10.000000 MHz
[2019.01.30-17.27.41:781][  0]LogMemory: Memory total: Physical=15.9GB (16GB approx)
[2019.01.30-17.27.41:781][  0]LogMemory: Platform Memory Stats for Windows
[2019.01.30-17.27.41:781][  0]LogMemory: Process Physical Memory: 110.68 MB used, 110.68 MB peak
[2019.01.30-17.27.41:781][  0]LogMemory: Process Virtual Memory: 101.47 MB used, 101.47 MB peak
[2019.01.30-17.27.41:781][  0]LogMemory: Physical Memory: 7259.98 MB used,  9060.13 MB free, 16320.11 MB total
[2019.01.30-17.27.41:781][  0]LogMemory: Virtual Memory: 4712.07 MB used,  134213016.00 MB free, 134217728.00 MB total
[2019.01.30-17.27.41:803][  0]LogInit: Using OS detected language (en-GB).
[2019.01.30-17.27.41:803][  0]LogInit: Using OS detected locale (en-GB).
[2019.01.30-17.27.41:804][  0]LogTextLocalizationManager: No specific localization for 'en-GB' exists, so the 'en' localization will be used.
[2019.01.30-17.27.42:184][  0]LogStreaming: Display: Took  0.381s to InitEngineTextLocalization.
[2019.01.30-17.27.42:184][  0]LogInit: Setting process to per monitor DPI aware
[2019.01.30-17.27.42:227][  0]LogSlate: New Slate User Created.  User Index 0, Is Virtual User: 0
[2019.01.30-17.27.42:227][  0]LogSlate: Slate User Registered.  User Index 0, Is Virtual User: 0
[2019.01.30-17.27.42:544][  0]LogD3D11RHI: D3D11 adapters:
[2019.01.30-17.27.42:604][  0]LogD3D11RHI:    0. 'NVIDIA GeForce GTX 1080' (Feature Level 11_0)
[2019.01.30-17.27.42:604][  0]LogD3D11RHI:       8079/0/8160 MB DedicatedVideo/DedicatedSystem/SharedSystem, Outputs:2, VendorId:0x10de
[2019.01.30-17.27.42:606][  0]LogD3D11RHI:    1. 'Microsoft Basic Render Driver' (Feature Level 11_0)
[2019.01.30-17.27.42:606][  0]LogD3D11RHI:       0/0/8160 MB DedicatedVideo/DedicatedSystem/SharedSystem, Outputs:0, VendorId:0x1414
[2019.01.30-17.27.42:606][  0]LogD3D11RHI: Chosen D3D11 Adapter: 0
[2019.01.30-17.27.42:615][  0]LogD3D11RHI: Creating new Direct3DDevice
[2019.01.30-17.27.42:615][  0]LogD3D11RHI:     GPU DeviceId: 0x1b80 (for the marketing name, search the web for "GPU Device Id")
[2019.01.30-17.27.42:615][  0]LogWindows: EnumDisplayDevices:
[2019.01.30-17.27.42:615][  0]LogWindows:    0. 'NVIDIA GeForce GTX 1080' (P:1 D:1)
[2019.01.30-17.27.42:615][  0]LogWindows:    1. 'NVIDIA GeForce GTX 1080' (P:0 D:1)
[2019.01.30-17.27.42:616][  0]LogWindows:    2. 'NVIDIA GeForce GTX 1080' (P:0 D:0)
[2019.01.30-17.27.42:616][  0]LogWindows:    3. 'NVIDIA GeForce GTX 1080' (P:0 D:0)
[2019.01.30-17.27.42:616][  0]LogWindows: DebugString: FoundDriverCount:4 
[2019.01.30-17.27.42:616][  0]LogD3D11RHI:     Adapter Name: NVIDIA GeForce GTX 1080
[2019.01.30-17.27.42:616][  0]LogD3D11RHI:   Driver Version: 399.24 (internal:24.21.13.9924, unified:399.24)
[2019.01.30-17.27.42:616][  0]LogD3D11RHI:      Driver Date: 9-5-2018
[2019.01.30-17.27.42:616][  0]LogRHI: Texture pool is 5655 MB (70% of 8079 MB)
[2019.01.30-17.27.42:667][  0]LogD3D11RHI: Async texture creation enabled
[2019.01.30-17.27.42:685][  0]LogD3D11RHI: GPU Timing Frequency: 1000.000000 (Debug: 2 2)
[2019.01.30-17.27.43:067][  0]LogTemp: Display: Loaded TP AllDesktopTargetPlatform
[2019.01.30-17.27.43:082][  0]LogTemp: Display: Loaded TP MacClientTargetPlatform
[2019.01.30-17.27.43:097][  0]LogTemp: Display: Loaded TP MacNoEditorTargetPlatform
[2019.01.30-17.27.43:112][  0]LogTemp: Display: Loaded TP MacServerTargetPlatform
[2019.01.30-17.27.43:128][  0]LogTemp: Display: Loaded TP MacTargetPlatform
[2019.01.30-17.27.43:143][  0]LogTemp: Display: Loaded TP WindowsClientTargetPlatform
[2019.01.30-17.27.43:158][  0]LogTemp: Display: Loaded TP WindowsNoEditorTargetPlatform
[2019.01.30-17.27.43:172][  0]LogTemp: Display: Loaded TP WindowsServerTargetPlatform
[2019.01.30-17.27.43:179][  0]LogTemp: Display: Loaded TP WindowsTargetPlatform
[2019.01.30-17.27.43:266][  0]LogTemp: Display: Loaded TP AndroidTargetPlatform
[2019.01.30-17.27.43:266][  0]LogTemp: Display: Loaded TP AndroidTargetPlatform
[2019.01.30-17.27.43:266][  0]LogTemp: Display: Loaded TP AndroidTargetPlatform
[2019.01.30-17.27.43:266][  0]LogTemp: Display: Loaded TP AndroidTargetPlatform
[2019.01.30-17.27.43:266][  0]LogTemp: Display: Loaded TP AndroidTargetPlatform
[2019.01.30-17.27.43:266][  0]LogTemp: Display: Loaded TP AndroidTargetPlatform
[2019.01.30-17.27.43:266][  0]LogTemp: Display: Loaded TP AndroidTargetPlatform
[2019.01.30-17.27.43:266][  0]LogTemp: Display: Loaded TP AndroidTargetPlatform
[2019.01.30-17.27.43:266][  0]LogTemp: Display: Loaded TP AndroidTargetPlatform
[2019.01.30-17.27.43:266][  0]LogTemp: Display: Loaded TP AndroidTargetPlatform
[2019.01.30-17.27.43:266][  0]LogTemp: Display: Loaded TP AndroidTargetPlatform
[2019.01.30-17.27.43:266][  0]LogTemp: Display: Loaded TP AndroidTargetPlatform
[2019.01.30-17.27.43:266][  0]LogTemp: Display: Loaded TP AndroidTargetPlatform
[2019.01.30-17.27.43:266][  0]LogTemp: Display: Loaded TP AndroidTargetPlatform
[2019.01.30-17.27.43:266][  0]LogTemp: Display: Loaded TP AndroidTargetPlatform
[2019.01.30-17.27.43:266][  0]LogTemp: Display: Loaded TP AndroidTargetPlatform
[2019.01.30-17.27.43:266][  0]LogTemp: Display: Loaded TP AndroidTargetPlatform
[2019.01.30-17.27.43:266][  0]LogTemp: Display: Loaded TP AndroidTargetPlatform
[2019.01.30-17.27.43:268][  0]LogTemp: Display: Loaded TP HTML5TargetPlatform
[2019.01.30-17.27.43:334][  0]LogTemp: Display: Loaded TP IOSTargetPlatform
[2019.01.30-17.27.43:334][  0]LogTemp: Display: Loaded TP IOSTargetPlatform
[2019.01.30-17.27.43:362][  0]LogTemp: Display: Loaded TP TVOSTargetPlatform
[2019.01.30-17.27.43:362][  0]LogTemp: Display: Loaded TP TVOSTargetPlatform
[2019.01.30-17.27.43:377][  0]LogTemp: Display: Loaded TP LinuxClientTargetPlatform
[2019.01.30-17.27.43:392][  0]LogTemp: Display: Loaded TP LinuxNoEditorTargetPlatform
[2019.01.30-17.27.43:408][  0]LogTemp: Display: Loaded TP LinuxServerTargetPlatform
[2019.01.30-17.27.43:424][  0]LogTemp: Display: Loaded TP LinuxTargetPlatform
[2019.01.30-17.27.43:475][  0]LogTemp: Display: Loaded TP LuminTargetPlatform
[2019.01.30-17.27.43:475][  0]LogTemp: Display: Loaded TP LuminTargetPlatform
[2019.01.30-17.27.43:475][  0]LogTargetPlatformManager: Display: Building Assets For Windows
[2019.01.30-17.27.43:527][  0]LogShaderCompilers: Guid format shader working directory is 11 characters bigger than the processId version (X:/Other/UE4/The_Hidden_SCP_Evolved/Intermediate/Shaders/WorkingDirectory/1988/).
[2019.01.30-17.27.43:528][  0]LogShaderCompilers: Cleaned the shader compiler working directory 'C:/Users/bzjas/AppData/Local/Temp/UnrealShaderWorkingDir/B7FFDDE448F83125C5154794EE850EA8/'.
[2019.01.30-17.27.43:529][  0]LogXGEController: Cleaning working directory: C:/Users/bzjas/AppData/Local/Temp/UnrealXGEWorkingDir/
[2019.01.30-17.27.43:530][  0]LogXGEController: Cannot use XGE Controller as Incredibuild is not installed on this machine.
[2019.01.30-17.27.43:530][  0]LogShaderCompilers: Cannot use XGE Shader Compiler as Incredibuild is not installed on this machine.
[2019.01.30-17.27.43:530][  0]LogShaderCompilers: Display: Using Local Shader Compiler.
[2019.01.30-17.27.44:073][  0]LogDerivedDataCache: Display: Max Cache Size: 512 MB
[2019.01.30-17.27.44:122][  0]LogDerivedDataCache: Loaded boot cache 0.05s 71MB C:/Users/bzjas/AppData/Local/UnrealEngine/4.21/DerivedDataCache/Boot.ddc.
[2019.01.30-17.27.44:122][  0]LogDerivedDataCache: Display: Loaded Boot cache: C:/Users/bzjas/AppData/Local/UnrealEngine/4.21/DerivedDataCache/Boot.ddc
[2019.01.30-17.27.44:123][  0]LogDerivedDataCache: FDerivedDataBackendGraph:  Pak pak cache file X:/Other/UE4/The_Hidden_SCP_Evolved/DerivedDataCache/DDC.ddp not found, will not use a pak cache.
[2019.01.30-17.27.44:123][  0]LogDerivedDataCache: Unable to find inner node Pak for hierarchical cache Hierarchy.
[2019.01.30-17.27.44:123][  0]LogDerivedDataCache: FDerivedDataBackendGraph:  CompressedPak pak cache file X:/Other/UE4/The_Hidden_SCP_Evolved/DerivedDataCache/Compressed.ddp not found, will not use a pak cache.
[2019.01.30-17.27.44:123][  0]LogDerivedDataCache: Unable to find inner node CompressedPak for hierarchical cache Hierarchy.
[2019.01.30-17.27.44:136][  0]LogDerivedDataCache: Display: Pak cache opened for reading ../../../Engine/DerivedDataCache/Compressed.ddp.
[2019.01.30-17.27.44:136][  0]LogDerivedDataCache: FDerivedDataBackendGraph:  EnterprisePak pak cache file ../../../Enterprise/DerivedDataCache/Compressed.ddp not found, will not use a pak cache.
[2019.01.30-17.27.44:136][  0]LogDerivedDataCache: Unable to find inner node EnterprisePak for hierarchical cache Hierarchy.
[2019.01.30-17.27.44:148][  0]LogDerivedDataCache: Using Local data cache path C:/Users/bzjas/AppData/Local/UnrealEngine/Common/DerivedDataCache: Writable
[2019.01.30-17.27.44:148][  0]LogDerivedDataCache: Shared data cache path not found in *engine.ini, will not use an Shared cache.
[2019.01.30-17.27.44:148][  0]LogDerivedDataCache: Unable to find inner node Shared for hierarchical cache Hierarchy.
[2019.01.30-17.27.44:172][  0]LogMaterial: Verifying Global Shaders for PCD3D_SM5
[2019.01.30-17.27.44:173][  0]LogSlate: Using FreeType 2.6.0
[2019.01.30-17.27.44:174][  0]LogSlate: SlateFontServices - WITH_FREETYPE: 1, WITH_HARFBUZZ: 1
[2019.01.30-17.27.44:290][  0]LogAssetRegistry: FAssetRegistry took 0.0358 seconds to start up
[2019.01.30-17.27.44:625][  0]LogInit: Selected Device Profile: [Windows]
[2019.01.30-17.27.44:764][  0]LogSimplygon: Simplygon DLL not present - disabling.
[2019.01.30-17.27.44:770][  0]LogMeshReduction: Using SimplygonSwarm for distributed automatic mesh merging
[2019.01.30-17.27.44:770][  0]LogMeshReduction: Using ProxyLODMeshReduction for automatic mesh merging
[2019.01.30-17.27.44:770][  0]LogMeshReduction: Using QuadricMeshReduction for automatic static mesh reduction
[2019.01.30-17.27.44:770][  0]LogMeshReduction: No automatic skeletal mesh reduction module available
[2019.01.30-17.27.44:788][  0]LogNetVersion: The_Hidden_SCP 1.0.0, NetCL: 4541578, EngineNetVer: 5, GameNetVer: 0 (Checksum: 3692883806)
[2019.01.30-17.27.45:292][  0]LogPackageLocalizationCache: Processed 11 localized package path(s) for 2 prioritized culture(s) in 0.087333 seconds
[2019.01.30-17.27.45:299][  0]LogUObjectArray: 39775 objects as part of root set at end of initial load.
[2019.01.30-17.27.45:299][  0]LogUObjectAllocator: 6914656 out of 0 bytes used by permanent object pool.
[2019.01.30-17.27.45:299][  0]LogUObjectArray: CloseDisregardForGC: 0/0 objects in disregard for GC pool
[2019.01.30-17.27.46:375][  0]LogTcpMessaging: Initializing TcpMessaging bridge
[2019.01.30-17.27.46:390][  0]LogUdpMessaging: Initializing bridge on interface 0.0.0.0:0 to multicast group 230.0.0.1:6666.
[2019.01.30-17.27.47:334][  0]SourceControl: Source control is disabled
[2019.01.30-17.27.47:334][  0]SourceControl: Source control is disabled
[2019.01.30-17.27.47:335][  0]SourceControl: Source control is disabled
[2019.01.30-17.27.47:336][  0]SourceControl: Source control is disabled
[2019.01.30-17.27.47:514][  0]LogAndroidPermission: UAndroidPermissionCallbackProxy::GetInstance
[2019.01.30-17.27.47:717][  0]LogOcInput: OculusInput pre-init called
[2019.01.30-17.27.47:853][  0]LogEngine: Initializing Engine...
[2019.01.30-17.27.47:854][  0]LogHMD: Oculus plugin initialized. Version: 4.21.0-4541578+++UE4+Release-4.21, OVRPlugin: 1.28.0
[2019.01.30-17.27.47:856][  0]LogStats: UGameplayTagsManager::ConstructGameplayTagTree: ImportINI prefixes -  0.000 s
[2019.01.30-17.27.47:856][  0]LogStats: UGameplayTagsManager::ConstructGameplayTagTree: Construct from data asset -  0.000 s
[2019.01.30-17.27.47:856][  0]LogStats: UGameplayTagsManager::ConstructGameplayTagTree: ImportINI -  0.000 s
[2019.01.30-17.27.47:856][  0]LogStats: UGameplayTagsManager::ConstructGameplayTagTree: GameplayTagTreeChangedEvent.Broadcast -  0.000 s
[2019.01.30-17.27.48:082][  0]LogInit: Initializing FReadOnlyCVARCache
[2019.01.30-17.27.48:093][  0]LogAIModule: Creating AISystem for world Untitled
[2019.01.30-17.27.48:203][  0]LogInit: XAudio2 using 'Speakers (Realtek High Definition Audio)' : 2 channels at 48 kHz using 32 bits per sample (channel mask 0x3)
[2019.01.30-17.27.48:280][  0]LogInit: FAudioDevice initialized.
[2019.01.30-17.27.48:281][  0]LogNetVersion: Set ProjectVersion to 1.0.0.0. Version Checksum will be recalculated on next use.
[2019.01.30-17.27.48:360][  0]LogDerivedDataCache: Saved boot cache 0.08s 71MB C:/Users/bzjas/AppData/Local/UnrealEngine/4.21/DerivedDataCache/Boot.ddc.
[2019.01.30-17.27.48:366][  0]LogInit: Texture streaming: Enabled
[2019.01.30-17.27.48:383][  0]LogEngineSessionManager: EngineSessionManager initialized
[2019.01.30-17.27.48:396][  0]LogInit: Transaction tracking system initialized
[2019.01.30-17.27.48:416][  0]BlueprintLog: New page: Editor Load
[2019.01.30-17.27.48:483][  0]LocalizationService: Localization service is disabled
[2019.01.30-17.27.48:961][  0]LogCook: Display: Max memory allowance for cook 16384mb min free memory 0mb
[2019.01.30-17.27.48:961][  0]LogCook: Display: Mobile HDR setting 1
[2019.01.30-17.27.48:961][  0]LogGameplayTags: Display: UGameplayTagsManager::DoneAddingNativeTags. DelegateIsBound: 0
[2019.01.30-17.27.48:961][  0]LogStats: UGameplayTagsManager::ConstructGameplayTagTree: ImportINI prefixes -  0.000 s
[2019.01.30-17.27.48:961][  0]LogStats: UGameplayTagsManager::ConstructGameplayTagTree: Construct from data asset -  0.000 s
[2019.01.30-17.27.48:961][  0]LogStats: UGameplayTagsManager::ConstructGameplayTagTree: ImportINI -  0.000 s
[2019.01.30-17.27.48:961][  0]LogStats: UGameplayTagsManager::ConstructGameplayTagTree: GameplayTagTreeChangedEvent.Broadcast -  0.000 s
[2019.01.30-17.27.49:087][  0]LogFileCache: Scanning file cache for directory 'X:/Other/UE4/The_Hidden_SCP_Evolved/Content/' took 0.02s
[2019.01.30-17.27.49:087][  0]SourceControl: Source control is disabled
[2019.01.30-17.27.49:087][  0]Cmd: MAP LOAD FILE="X:/Other/UE4/The_Hidden_SCP_Evolved/Content/ThirdPersonBP/Maps/ThirdPersonExampleMap.umap" TEMPLATE=0 SHOWPROGRESS=1 FEATURELEVEL=3
[2019.01.30-17.27.49:087][  0]LightingResults: New page: Lighting Build
[2019.01.30-17.27.49:090][  0]MapCheck: New page: Map Check
[2019.01.30-17.27.49:090][  0]LightingResults: New page: Lighting Build
[2019.01.30-17.27.51:157][  0]LogAIModule: Creating AISystem for world ThirdPersonExampleMap
[2019.01.30-17.27.51:164][  0]LogScript: Warning: Script Msg: Divide by zero detected: 0.000000 / 0
Script call stack:
	Function /Game/ParagonShinbi/Characters/Heroes/Shinbi/Shinbi_AnimBlueprint.Shinbi_AnimBlueprint_C:BlueprintUpdateAnimation
	Function /Game/ParagonShinbi/Characters/Heroes/Shinbi/Shinbi_AnimBlueprint.Shinbi_AnimBlueprint_C:ExecuteUbergraph_Shinbi_AnimBlueprint

[2019.01.30-17.27.51:175][  0]LogEditorServer: Finished looking for orphan Actors (0.000 secs)
[2019.01.30-17.27.51:214][  0]Cmd: MAP CHECKDEP NOCLEARLOG
[2019.01.30-17.27.51:214][  0]MapCheck: Map check complete: 0 Error(s), 0 Warning(s), took 0.103ms to complete.
[2019.01.30-17.27.51:214][  0]LogFileHelpers: Loading map 'ThirdPersonExampleMap' took 2.127
[2019.01.30-17.27.51:311][  0]LogSlate: Updating window title bar state: overlay mode, drag disabled, window buttons hidden, title bar hidden
[2019.01.30-17.27.51:318][  0]LogSlate: Updating window title bar state: overlay mode, drag disabled, window buttons hidden, title bar hidden
[2019.01.30-17.27.51:325][  0]LogSlate: Updating window title bar state: overlay mode, drag disabled, window buttons hidden, title bar hidden
[2019.01.30-17.27.51:333][  0]LogSlate: Updating window title bar state: overlay mode, drag disabled, window buttons hidden, title bar hidden
[2019.01.30-17.27.51:338][  0]LogCollectionManager: Loaded 0 collections in 0.001073 seconds
[2019.01.30-17.27.51:377][  0]LogFileCache: Scanning file cache for directory 'X:/Other/UE4/The_Hidden_SCP_Evolved/Saved/Collections/' took 0.01s
[2019.01.30-17.27.51:377][  0]LogFileCache: Scanning file cache for directory 'X:/Other/UE4/The_Hidden_SCP_Evolved/Content/Developers/bzjas/Collections/' took 0.01s
[2019.01.30-17.27.51:377][  0]LogFileCache: Scanning file cache for directory 'X:/Other/UE4/The_Hidden_SCP_Evolved/Content/Collections/' took 0.01s
[2019.01.30-17.27.51:377][  0]LogCollectionManager: Rebuilt the GUID cache for 0 collections in 0.000000 seconds
[2019.01.30-17.27.51:387][  0]LogContentBrowser: Native class hierarchy populated in 0.0091 seconds. Added 2651 classes and 620 folders.
[2019.01.30-17.27.51:392][  0]LogContentBrowser: Native class hierarchy updated for 'WidgetCarousel' in 0.0003 seconds. Added 0 classes and 0 folders.
[2019.01.30-17.27.51:394][  0]LogPakFile: Registered encryption key '00000000000000000000000000000000': 0 pak files mounted, 0 remain pending
[2019.01.30-17.27.51:395][  0]LogPakFile: Registered encryption key '00000000000000000000000000000000': 0 pak files mounted, 0 remain pending
[2019.01.30-17.27.51:395][  0]LogPakFile: Registered encryption key '00000000000000000000000000000000': 0 pak files mounted, 0 remain pending
[2019.01.30-17.27.51:396][  0]LogPakFile: Registered encryption key '00000000000000000000000000000000': 0 pak files mounted, 0 remain pending
[2019.01.30-17.27.51:396][  0]LogPakFile: Registered encryption key '00000000000000000000000000000000': 0 pak files mounted, 0 remain pending
[2019.01.30-17.27.51:396][  0]LogPakFile: Registered encryption key '00000000000000000000000000000000': 0 pak files mounted, 0 remain pending
[2019.01.30-17.27.51:397][  0]LogPakFile: Registered encryption key '00000000000000000000000000000000': 0 pak files mounted, 0 remain pending
[2019.01.30-17.27.51:397][  0]LogPakFile: Registered encryption key '00000000000000000000000000000000': 0 pak files mounted, 0 remain pending
[2019.01.30-17.27.51:398][  0]LogPakFile: Registered encryption key '00000000000000000000000000000000': 0 pak files mounted, 0 remain pending
[2019.01.30-17.27.51:398][  0]LogPakFile: Registered encryption key '00000000000000000000000000000000': 0 pak files mounted, 0 remain pending
[2019.01.30-17.27.51:399][  0]LogPakFile: Registered encryption key '00000000000000000000000000000000': 0 pak files mounted, 0 remain pending
[2019.01.30-17.27.51:399][  0]LogPakFile: Registered encryption key '00000000000000000000000000000000': 0 pak files mounted, 0 remain pending
[2019.01.30-17.27.51:400][  0]LogPakFile: Registered encryption key '00000000000000000000000000000000': 0 pak files mounted, 0 remain pending
[2019.01.30-17.27.51:400][  0]LogPakFile: Registered encryption key '00000000000000000000000000000000': 0 pak files mounted, 0 remain pending
[2019.01.30-17.27.51:401][  0]LogPakFile: Registered encryption key '00000000000000000000000000000000': 0 pak files mounted, 0 remain pending
[2019.01.30-17.27.51:401][  0]LogPakFile: Registered encryption key '00000000000000000000000000000000': 0 pak files mounted, 0 remain pending
[2019.01.30-17.27.51:402][  0]LogPakFile: Registered encryption key '00000000000000000000000000000000': 0 pak files mounted, 0 remain pending
[2019.01.30-17.27.51:402][  0]LogPakFile: Registered encryption key '00000000000000000000000000000000': 0 pak files mounted, 0 remain pending
[2019.01.30-17.27.51:403][  0]LogPakFile: Registered encryption key '00000000000000000000000000000000': 0 pak files mounted, 0 remain pending
[2019.01.30-17.27.51:403][  0]LogPakFile: Registered encryption key '00000000000000000000000000000000': 0 pak files mounted, 0 remain pending
[2019.01.30-17.27.51:404][  0]LogPakFile: Registered encryption key '00000000000000000000000000000000': 0 pak files mounted, 0 remain pending
[2019.01.30-17.27.51:405][  0]LogPakFile: Registered encryption key '00000000000000000000000000000000': 0 pak files mounted, 0 remain pending
[2019.01.30-17.27.51:405][  0]LogPakFile: Registered encryption key '00000000000000000000000000000000': 0 pak files mounted, 0 remain pending
[2019.01.30-17.27.51:406][  0]LogPakFile: Registered encryption key '00000000000000000000000000000000': 0 pak files mounted, 0 remain pending
[2019.01.30-17.27.51:406][  0]LogPakFile: Registered encryption key '00000000000000000000000000000000': 0 pak files mounted, 0 remain pending
[2019.01.30-17.27.51:407][  0]LogPakFile: Registered encryption key '00000000000000000000000000000000': 0 pak files mounted, 0 remain pending
[2019.01.30-17.27.51:439][  0]LogContentBrowser: Native class hierarchy updated for 'AddContentDialog' in 0.0003 seconds. Added 0 classes and 0 folders.
[2019.01.30-17.27.51:446][  0]LogContentBrowser: Native class hierarchy updated for 'SceneOutliner' in 0.0003 seconds. Added 1 classes and 2 folders.
[2019.01.30-17.27.51:460][  0]LogSlate: Took 0.000449 seconds to synchronously load lazily loaded font '../../../Engine/Content/Slate/Fonts/Roboto-Regular.ttf' (155K)
[2019.01.30-17.27.51:462][  0]LogSlate: Took 0.000384 seconds to synchronously load lazily loaded font '../../../Engine/Content/Slate/Fonts/Roboto-Bold.ttf' (160K)
[2019.01.30-17.27.51:468][  0]LogSlate: Took 0.000421 seconds to synchronously load lazily loaded font '../../../Engine/Content/Editor/Slate/Fonts/FontAwesome.ttf' (139K)
[2019.01.30-17.27.51:546][  0]LogRenderer: Reallocating scene render targets to support 1208x700 Format 10 NumSamples 1 (Frame:1).
[2019.01.30-17.27.51:664][  0]LogContentBrowser: Native class hierarchy updated for 'HierarchicalLODOutliner' in 0.0003 seconds. Added 0 classes and 0 folders.
[2019.01.30-17.27.51:664][  0]LogLoad: (Engine Initialization) Total time: 11.79 seconds
[2019.01.30-17.27.51:664][  0]LogLoad: (Engine Initialization) Total Blueprint compile time: 0.00 seconds
[2019.01.30-17.27.51:675][  0]LogOcInput: OculusInput is initialized
[2019.01.30-17.27.51:744][  0]LogContentStreaming: Texture pool size now 1000 MB
[2019.01.30-17.27.51:775][  0]LogSlate: Took 0.000356 seconds to synchronously load lazily loaded font '../../../Engine/Content/Slate/Fonts/Roboto-Light.ttf' (167K)
[2019.01.30-17.27.51:990][  4]LogAssetRegistry: Asset discovery search completed in 7.7227 seconds
[2019.01.30-17.27.51:992][  4]LogCollectionManager: Rebuilt the object cache for 0 collections in 0.000000 seconds (found 0 objects)
[2019.01.30-17.27.51:992][  4]LogCollectionManager: Fixed up redirectors for 0 collections in 0.000046 seconds (updated 0 objects)
[2019.01.30-17.27.52:693][ 84]LogSlate: Took 0.000232 seconds to synchronously load lazily loaded font '../../../Engine/Content/Slate/Fonts/Roboto-Light.ttf' (167K)
[2019.01.30-17.27.55:876][353]LogSlate: FSceneViewport::OnFocusLost() reason 0
[2019.01.30-17.27.55:973][360]LogAssetEditorManager: Opening Asset editor for Blueprint /Game/ThirdPersonBP/Blueprints/SimpleAI.SimpleAI
[2019.01.30-17.27.56:565][360]LogContentBrowser: Native class hierarchy updated for 'BlueprintGraph' in 0.0006 seconds. Added 117 classes and 0 folders.
[2019.01.30-17.27.57:385][360]LogAssetEditorManager: Opening Asset editor for Blueprint /Game/ThirdPersonBP/Blueprints/Projectile_Base.Projectile_Base
[2019.01.30-17.27.57:686][360]LogAssetEditorManager: Opening Asset editor for Blueprint /Game/ThirdPersonBP/Blueprints/ThirdPersonCharacter.ThirdPersonCharacter
[2019.01.30-17.27.57:998][360]LogAssetEditorManager: Opening Asset editor for SkeletalMesh /Game/ThirdPersonBP/Character/Swat.Swat
[2019.01.30-17.27.58:004][360]LogContentBrowser: Native class hierarchy updated for 'SkeletonEditor' in 0.0003 seconds. Added 1 classes and 2 folders.
[2019.01.30-17.27.58:169][360]LogActorComponent: RegisterComponentWithWorld: (/Engine/Transient.World_3:PersistentLevel.AnimationEditorPreviewActor_0.DebugSkelMeshComponent_0) Already registered. Aborting.
[2019.01.30-17.27.58:171][360]LogContentBrowser: Native class hierarchy updated for 'PinnedCommandList' in 0.0003 seconds. Added 1 classes and 0 folders.
[2019.01.30-17.27.58:197][360]LogSkeletalMesh: USkeletalMeshComponent::InitArticulated : Bodies already created (/Engine/Transient.World_3:PersistentLevel.AnimationEditorPreviewActor_0.DebugSkelMeshComponent_0) - call TermArticulated first.
[2019.01.30-17.27.58:398][360]LogAssetEditorManager: Opening Asset editor for AnimBlueprint /Game/ThirdPersonBP/Character/Swat_AnimBP.Swat_AnimBP
[2019.01.30-17.27.58:410][360]LogActorComponent: RegisterComponentWithWorld: (/Engine/Transient.World_5:PersistentLevel.AnimationEditorPreviewActor_0.DebugSkelMeshComponent_0) Already registered. Aborting.
[2019.01.30-17.27.58:682][360]LogSkeletalMesh: USkeletalMeshComponent::InitArticulated : Bodies already created (/Engine/Transient.World_5:PersistentLevel.AnimationEditorPreviewActor_0.DebugSkelMeshComponent_0) - call TermArticulated first.
[2019.01.30-17.27.58:920][360]LogAssetEditorManager: Opening Asset editor for Skeleton /Game/ThirdPersonBP/Character/Swat_Skeleton.Swat_Skeleton
[2019.01.30-17.27.58:925][360]LogActorComponent: RegisterComponentWithWorld: (/Engine/Transient.World_7:PersistentLevel.AnimationEditorPreviewActor_0.DebugSkelMeshComponent_0) Already registered. Aborting.
[2019.01.30-17.27.58:948][360]LogSkeletalMesh: USkeletalMeshComponent::InitArticulated : Bodies already created (/Engine/Transient.World_7:PersistentLevel.AnimationEditorPreviewActor_0.DebugSkelMeshComponent_0) - call TermArticulated first.
[2019.01.30-17.27.59:162][360]LogAssetEditorManager: Opening Asset editor for Blueprint /Game/Weapons/AK47/Weapon_Base.Weapon_Base
[2019.01.30-17.27.59:465][360]LogAssetEditorManager: Opening Asset editor for Blueprint /Game/ThirdPersonBP/Blueprints/AmmoPickup.AmmoPickup
[2019.01.30-17.27.59:780][360]LogAssetEditorManager: Opening Asset editor for WidgetBlueprint /Game/ThirdPersonBP/Blueprints/FPSHUD.FPSHUD
[2019.01.30-17.28.00:226][360]LogSlate: Took 0.000402 seconds to synchronously load lazily loaded font '../../../Engine/Content/Slate/Fonts/Roboto-BoldCondensed.ttf' (158K)
[2019.01.30-17.28.19:559][644]LogTemp: Repeating last play command: Selected Viewport
[2019.01.30-17.28.19:590][644]LogBlueprintUserMessages: Early PlayInEditor Detection: Level '/Game/ThirdPersonBP/Maps/ThirdPersonExampleMap.ThirdPersonExampleMap:PersistentLevel' has LevelScriptBlueprint '/Game/ThirdPersonBP/Maps/ThirdPersonExampleMap.ThirdPersonExampleMap:PersistentLevel.ThirdPersonExampleMap' with GeneratedClass '/Game/ThirdPersonBP/Maps/ThirdPersonExampleMap.ThirdPersonExampleMap_C' with ClassGeneratedBy '/Game/ThirdPersonBP/Maps/ThirdPersonExampleMap.ThirdPersonExampleMap:PersistentLevel.ThirdPersonExampleMap'
[2019.01.30-17.28.19:591][644]LogPlayLevel: PlayLevel: No blueprints needed recompiling
[2019.01.30-17.28.19:592][644]LogHMD: Initializing OVRPlugin session
[2019.01.30-17.28.21:691][644]PIE: New page: PIE session: ThirdPersonExampleMap (30 Jan 2019 19:28:21)
[2019.01.30-17.28.21:706][644]LogPlayLevel: Creating play world package: /Game/ThirdPersonBP/Maps/UEDPIE_0_ThirdPersonExampleMap
[2019.01.30-17.28.21:735][644]LogPlayLevel: PIE: StaticDuplicateObject took: (0.028822s)
[2019.01.30-17.28.21:735][644]LogAIModule: Creating AISystem for world ThirdPersonExampleMap
[2019.01.30-17.28.21:735][644]LogPlayLevel: PIE: World Init took: (0.000704s)
[2019.01.30-17.28.21:736][644]LogPlayLevel: PIE: Created PIE world by copying editor world from /Game/ThirdPersonBP/Maps/ThirdPersonExampleMap.ThirdPersonExampleMap to /Game/ThirdPersonBP/Maps/UEDPIE_0_ThirdPersonExampleMap.ThirdPersonExampleMap (0.029947s)
[2019.01.30-17.28.21:887][644]LogInit: XAudio2 using 'Speakers (Realtek High Definition Audio)' : 2 channels at 48 kHz using 32 bits per sample (channel mask 0x3)
[2019.01.30-17.28.21:959][644]LogInit: FAudioDevice initialized.
[2019.01.30-17.28.22:055][644]LogLoad: Game class is 'ThirdPersonGameMode_C'
[2019.01.30-17.28.22:058][644]LogScript: Warning: Script Msg: Divide by zero detected: 0.000000 / 0
Script call stack:
	Function /Game/ParagonShinbi/Characters/Heroes/Shinbi/Shinbi_AnimBlueprint.Shinbi_AnimBlueprint_C:BlueprintUpdateAnimation
	Function /Game/ParagonShinbi/Characters/Heroes/Shinbi/Shinbi_AnimBlueprint.Shinbi_AnimBlueprint_C:ExecuteUbergraph_Shinbi_AnimBlueprint

[2019.01.30-17.28.22:072][644]LogWorld: Bringing World /Game/ThirdPersonBP/Maps/UEDPIE_0_ThirdPersonExampleMap.ThirdPersonExampleMap up for play (max tick rate 0) at 2019.01.30-18.28.22
[2019.01.30-17.28.22:083][644]LogWorld: Bringing up level for play took: 0.026684
[2019.01.30-17.28.22:108][644]LogContentBrowser: Native class hierarchy updated for 'MovieSceneCapture' in 0.0006 seconds. Added 20 classes and 0 folders.
[2019.01.30-17.28.22:115][644]PIE: Play in editor start time for /Game/ThirdPersonBP/Maps/UEDPIE_0_ThirdPersonExampleMap 2.008
[2019.01.30-17.28.22:115][644]LogBlueprintUserMessages: Late PlayInEditor Detection: Level '/Game/ThirdPersonBP/Maps/ThirdPersonExampleMap.ThirdPersonExampleMap:PersistentLevel' has LevelScriptBlueprint '/Game/ThirdPersonBP/Maps/ThirdPersonExampleMap.ThirdPersonExampleMap:PersistentLevel.ThirdPersonExampleMap' with GeneratedClass '/Game/ThirdPersonBP/Maps/ThirdPersonExampleMap.ThirdPersonExampleMap_C' with ClassGeneratedBy '/Game/ThirdPersonBP/Maps/ThirdPersonExampleMap.ThirdPersonExampleMap:PersistentLevel.ThirdPersonExampleMap'
[2019.01.30-17.28.22:918][660]LogD3D11RHI: Timed out while waiting for GPU to catch up. (0.5 s)
[2019.01.30-17.28.23:419][660]LogD3D11RHI: Timed out while waiting for GPU to catch up. (0.5 s)
[2019.01.30-17.28.23:917][660]LogD3D11RHI: Timed out while waiting for GPU to catch up. (0.5 s)
[2019.01.30-17.28.24:418][660]LogD3D11RHI: Timed out while waiting for GPU to catch up. (0.5 s)
[2019.01.30-17.28.24:918][660]LogD3D11RHI: Timed out while waiting for GPU to catch up. (0.5 s)
[2019.01.30-17.28.25:595][667]LogD3D11RHI: Timed out while waiting for GPU to catch up. (0.5 s)
[2019.01.30-17.28.26:698][722]LogParticles: Warning: Particle Notify: Particle system is null for particle notify 'PlayParticleEffect' in anim: '/Game/ParagonShinbi/Characters/Heroes/Shinbi/Animations/LevelStart_Montage.LevelStart_Montage'
[2019.01.30-17.28.28:093][847]LogBlueprintUserMessages: [Projectile_Base_C_0] Funtion entered. Overlapped object:
[2019.01.30-17.28.28:093][847]LogBlueprintUserMessages: [Projectile_Base_C_0] it's Simple AI
[2019.01.30-17.28.28:093][847]LogBlueprintUserMessages: [SimpleAI_2] SimpleAI got hit
[2019.01.30-17.28.28:096][847]LogBlueprintUserMessages: [SimpleAI_2] HIT
[2019.01.30-17.28.28:096][847]LogBlueprintUserMessages: [SimpleAI_2] 70
[2019.01.30-17.28.28:342][862]LogBlueprintUserMessages: [SimpleAI_2] Failed to target actor 
[2019.01.30-17.28.28:490][877]LogBlueprintUserMessages: [SimpleAI_2] I See you
[2019.01.30-17.28.28:566][884]LogBlueprintUserMessages: [Projectile_Base_C_1] Funtion entered. Overlapped object:
[2019.01.30-17.28.28:566][884]LogBlueprintUserMessages: [Projectile_Base_C_1] it's Simple AI
[2019.01.30-17.28.28:566][884]LogBlueprintUserMessages: [SimpleAI_2] SimpleAI got hit
[2019.01.30-17.28.28:566][884]LogBlueprintUserMessages: [SimpleAI_2] HIT
[2019.01.30-17.28.28:566][884]LogBlueprintUserMessages: [SimpleAI_2] 40
[2019.01.30-17.28.28:876][914]LogBlueprintUserMessages: [Projectile_Base_C_2] Funtion entered. Overlapped object:
[2019.01.30-17.28.28:876][914]LogBlueprintUserMessages: [Projectile_Base_C_2] it's Simple AI
[2019.01.30-17.28.28:876][914]LogBlueprintUserMessages: [SimpleAI_2] SimpleAI got hit
[2019.01.30-17.28.28:876][914]LogBlueprintUserMessages: [SimpleAI_2] HIT
[2019.01.30-17.28.28:876][914]LogBlueprintUserMessages: [SimpleAI_2] 10
[2019.01.30-17.28.28:977][923]LogBlueprintUserMessages: [Projectile_Base_C_3] Funtion entered. Overlapped object:
[2019.01.30-17.28.28:977][923]LogBlueprintUserMessages: [Projectile_Base_C_3] it's Simple AI
[2019.01.30-17.28.28:977][923]LogBlueprintUserMessages: [SimpleAI_2] SimpleAI got hit
[2019.01.30-17.28.28:977][923]LogBlueprintUserMessages: [SimpleAI_2] HIT
[2019.01.30-17.28.28:978][923]LogBlueprintUserMessages: [SimpleAI_2] Dead
[2019.01.30-17.28.30:222][ 29]LogBlueprintUserMessages: [Projectile_Base_C_4] Funtion entered. Overlapped object:
[2019.01.30-17.28.30:223][ 29]LogBlueprintUserMessages: [Projectile_Base_C_4] It's Ammo Pickup
[2019.01.30-17.28.30:278][ 34]LogBlueprintUserMessages: [Projectile_Base_C_6] Funtion entered. Overlapped object:
[2019.01.30-17.28.30:278][ 34]LogBlueprintUserMessages: [Projectile_Base_C_6] It's Ammo Pickup
[2019.01.30-17.28.30:319][ 38]LogBlueprintUserMessages: [Projectile_Base_C_5] Funtion entered. Overlapped object:
[2019.01.30-17.28.30:319][ 38]LogBlueprintUserMessages: [Projectile_Base_C_5] It's Ammo Pickup
[2019.01.30-17.28.30:371][ 43]LogBlueprintUserMessages: [Projectile_Base_C_7] Funtion entered. Overlapped object:
[2019.01.30-17.28.30:371][ 43]LogBlueprintUserMessages: [Projectile_Base_C_7] It's Ammo Pickup
[2019.01.30-17.28.30:468][ 53]LogBlueprintUserMessages: [Projectile_Base_C_8] Funtion entered. Overlapped object:
[2019.01.30-17.28.30:469][ 53]LogBlueprintUserMessages: [Projectile_Base_C_8] It's Ammo Pickup
[2019.01.30-17.28.30:580][ 65]LogBlueprintUserMessages: [Projectile_Base_C_9] Funtion entered. Overlapped object:
[2019.01.30-17.28.30:580][ 65]LogBlueprintUserMessages: [Projectile_Base_C_9] It's Ammo Pickup
[2019.01.30-17.28.30:719][ 81]LogBlueprintUserMessages: [Projectile_Base_C_8] Funtion entered. Overlapped object:
[2019.01.30-17.28.30:719][ 81]LogBlueprintUserMessages: [Projectile_Base_C_8] It's Ammo Pickup
[2019.01.30-17.28.30:793][ 89]LogBlueprintUserMessages: [Projectile_Base_C_9] Funtion entered. Overlapped object:
[2019.01.30-17.28.30:793][ 89]LogBlueprintUserMessages: [Projectile_Base_C_9] It's Ammo Pickup
[2019.01.30-17.28.30:802][ 90]LogBlueprintUserMessages: [Projectile_Base_C_4] Funtion entered. Overlapped object:
[2019.01.30-17.28.30:802][ 90]LogBlueprintUserMessages: [Projectile_Base_C_4] It's Static mesh
[2019.01.30-17.28.30:898][ 99]LogBlueprintUserMessages: [Projectile_Base_C_5] Funtion entered. Overlapped object:
[2019.01.30-17.28.30:898][ 99]LogBlueprintUserMessages: [Projectile_Base_C_5] It's Static mesh
[2019.01.30-17.28.30:979][107]LogBlueprintUserMessages: [Projectile_Base_C_7] Funtion entered. Overlapped object:
[2019.01.30-17.28.30:979][107]LogBlueprintUserMessages: [Projectile_Base_C_7] it's Simple AI
[2019.01.30-17.28.30:979][107]LogBlueprintUserMessages: [SimpleAI2_2] SimpleAI got hit
[2019.01.30-17.28.30:979][107]LogBlueprintUserMessages: [SimpleAI2_2] HIT
[2019.01.30-17.28.30:980][107]LogBlueprintUserMessages: [SimpleAI2_2] 70
[2019.01.30-17.28.31:202][132]LogBlueprintUserMessages: [Projectile_Base_C_6] Funtion entered. Overlapped object:
[2019.01.30-17.28.31:203][132]LogBlueprintUserMessages: [Projectile_Base_C_6] It's Static mesh
[2019.01.30-17.28.31:753][192]LogBlueprintUserMessages: [Projectile_Base_C_8] Funtion entered. Overlapped object:
[2019.01.30-17.28.31:753][192]LogBlueprintUserMessages: [Projectile_Base_C_8] It's Static mesh
[2019.01.30-17.28.31:944][214]LogBlueprintUserMessages: [Projectile_Base_C_9] Funtion entered. Overlapped object:
[2019.01.30-17.28.31:944][214]LogBlueprintUserMessages: [Projectile_Base_C_9] It's Static mesh
[2019.01.30-17.28.32:074][229]LogBlueprintUserMessages: [Projectile_Base_C_10] Funtion entered. Overlapped object:
[2019.01.30-17.28.32:074][229]LogBlueprintUserMessages: [Projectile_Base_C_10] It's Ammo Pickup
[2019.01.30-17.28.32:161][239]LogBlueprintUserMessages: [Projectile_Base_C_11] Funtion entered. Overlapped object:
[2019.01.30-17.28.32:161][239]LogBlueprintUserMessages: [Projectile_Base_C_11] It's Ammo Pickup
[2019.01.30-17.28.32:212][245]LogBlueprintUserMessages: [Projectile_Base_C_10] Funtion entered. Overlapped object:
[2019.01.30-17.28.32:212][245]LogBlueprintUserMessages: [Projectile_Base_C_10] it's Simple AI
[2019.01.30-17.28.32:213][245]LogBlueprintUserMessages: [SimpleAI2_2] SimpleAI got hit
[2019.01.30-17.28.32:213][245]LogBlueprintUserMessages: [SimpleAI2_2] HIT
[2019.01.30-17.28.32:213][245]LogBlueprintUserMessages: [SimpleAI2_2] 40
[2019.01.30-17.28.32:268][251]LogBlueprintUserMessages: [Projectile_Base_C_12] Funtion entered. Overlapped object:
[2019.01.30-17.28.32:268][251]LogBlueprintUserMessages: [Projectile_Base_C_12] It's Ammo Pickup
[2019.01.30-17.28.32:277][252]LogBlueprintUserMessages: [Projectile_Base_C_11] Funtion entered. Overlapped object:
[2019.01.30-17.28.32:277][252]LogBlueprintUserMessages: [Projectile_Base_C_11] it's Simple AI
[2019.01.30-17.28.32:277][252]LogBlueprintUserMessages: [SimpleAI2_2] SimpleAI got hit
[2019.01.30-17.28.32:277][252]LogBlueprintUserMessages: [SimpleAI2_2] HIT
[2019.01.30-17.28.32:278][252]LogBlueprintUserMessages: [SimpleAI2_2] 10
[2019.01.30-17.28.32:342][259]LogBlueprintUserMessages: [SimpleAI2_2] Failed to target actor 
[2019.01.30-17.28.32:350][260]LogBlueprintUserMessages: [Projectile_Base_C_12] Funtion entered. Overlapped object:
[2019.01.30-17.28.32:350][260]LogBlueprintUserMessages: [Projectile_Base_C_12] it's Simple AI
[2019.01.30-17.28.32:350][260]LogBlueprintUserMessages: [SimpleAI2_2] SimpleAI got hit
[2019.01.30-17.28.32:350][260]LogBlueprintUserMessages: [SimpleAI2_2] HIT
[2019.01.30-17.28.32:350][260]LogBlueprintUserMessages: [SimpleAI2_2] Dead
[2019.01.30-17.28.32:376][263]LogBlueprintUserMessages: [Projectile_Base_C_13] Funtion entered. Overlapped object:
[2019.01.30-17.28.32:376][263]LogBlueprintUserMessages: [Projectile_Base_C_13] It's Ammo Pickup
[2019.01.30-17.28.32:474][274]LogBlueprintUserMessages: [Projectile_Base_C_14] Funtion entered. Overlapped object:
[2019.01.30-17.28.32:474][274]LogBlueprintUserMessages: [Projectile_Base_C_14] It's Ammo Pickup
[2019.01.30-17.28.33:861][437]LogBlueprintUserMessages: [Projectile_Base_C_13] Funtion entered. Overlapped object:
[2019.01.30-17.28.33:861][437]LogBlueprintUserMessages: [Projectile_Base_C_13] It's Static mesh
[2019.01.30-17.28.33:956][448]LogBlueprintUserMessages: [Projectile_Base_C_14] Funtion entered. Overlapped object:
[2019.01.30-17.28.33:956][448]LogBlueprintUserMessages: [Projectile_Base_C_14] It's Static mesh
[2019.01.30-17.28.35:505][631]LogBlueprintUserMessages: [Projectile_Base_C_15] Funtion entered. Overlapped object:
[2019.01.30-17.28.35:505][631]LogBlueprintUserMessages: [Projectile_Base_C_15] It's Ammo Pickup
[2019.01.30-17.28.35:606][643]LogBlueprintUserMessages: [Projectile_Base_C_15] Funtion entered. Overlapped object:
[2019.01.30-17.28.35:606][643]LogBlueprintUserMessages: [Projectile_Base_C_15] It's Ammo Pickup
[2019.01.30-17.28.36:439][738]LogBlueprintUserMessages: [Projectile_Base_C_16] Funtion entered. Overlapped object:
[2019.01.30-17.28.36:439][738]LogBlueprintUserMessages: [Projectile_Base_C_16] It's Ammo Pickup
[2019.01.30-17.28.36:450][739]LogBlueprintUserMessages: [Projectile_Base_C_15] Funtion entered. Overlapped object:
[2019.01.30-17.28.36:450][739]LogBlueprintUserMessages: [Projectile_Base_C_15] It's Static mesh
[2019.01.30-17.28.36:535][748]LogBlueprintUserMessages: [Projectile_Base_C_16] Funtion entered. Overlapped object:
[2019.01.30-17.28.36:536][748]LogBlueprintUserMessages: [Projectile_Base_C_16] It's Ammo Pickup
[2019.01.30-17.28.36:931][794]LogBlueprintUserMessages: [ThirdPersonCharacter_167] Pressed E
[2019.01.30-17.28.36:933][794]LogBlueprintUserMessages: [ThirdPersonCharacter_167] Refilled lowest ammo mag
[2019.01.30-17.28.37:382][845]LogBlueprintUserMessages: [Projectile_Base_C_16] Funtion entered. Overlapped object:
[2019.01.30-17.28.37:382][845]LogBlueprintUserMessages: [Projectile_Base_C_16] It's Static mesh
[2019.01.30-17.28.39:043][ 41]LogBlueprintUserMessages: [Projectile_Base_C_18] Funtion entered. Overlapped object:
[2019.01.30-17.28.39:043][ 41]LogBlueprintUserMessages: [Projectile_Base_C_18] It's Static mesh
[2019.01.30-17.28.39:128][ 51]LogBlueprintUserMessages: [Projectile_Base_C_17] Funtion entered. Overlapped object:
[2019.01.30-17.28.39:128][ 51]LogBlueprintUserMessages: [Projectile_Base_C_17] It's Static mesh
[2019.01.30-17.28.39:145][ 53]LogBlueprintUserMessages: [Projectile_Base_C_19] Funtion entered. Overlapped object:
[2019.01.30-17.28.39:145][ 53]LogBlueprintUserMessages: [Projectile_Base_C_19] It's Static mesh
[2019.01.30-17.28.39:245][ 65]LogBlueprintUserMessages: [Projectile_Base_C_20] Funtion entered. Overlapped object:
[2019.01.30-17.28.39:245][ 65]LogBlueprintUserMessages: [Projectile_Base_C_20] It's Static mesh
[2019.01.30-17.28.39:349][ 77]LogBlueprintUserMessages: [Projectile_Base_C_21] Funtion entered. Overlapped object:
[2019.01.30-17.28.39:349][ 77]LogBlueprintUserMessages: [Projectile_Base_C_21] It's Static mesh
[2019.01.30-17.28.39:443][ 88]LogBlueprintUserMessages: [Projectile_Base_C_22] Funtion entered. Overlapped object:
[2019.01.30-17.28.39:443][ 88]LogBlueprintUserMessages: [Projectile_Base_C_22] It's Static mesh
[2019.01.30-17.28.40:568][221]LogBlueprintUserMessages: [Projectile_Base_C_25] Funtion entered. Overlapped object:
[2019.01.30-17.28.40:568][221]LogBlueprintUserMessages: [Projectile_Base_C_25] It's Static mesh
[2019.01.30-17.28.40:669][233]LogBlueprintUserMessages: [Projectile_Base_C_26] Funtion entered. Overlapped object:
[2019.01.30-17.28.40:669][233]LogBlueprintUserMessages: [Projectile_Base_C_26] It's Static mesh
[2019.01.30-17.28.40:846][254]LogBlueprintUserMessages: [Projectile_Base_C_23] Funtion entered. Overlapped object:
[2019.01.30-17.28.40:846][254]LogBlueprintUserMessages: [Projectile_Base_C_23] It's Static mesh
[2019.01.30-17.28.40:965][268]LogBlueprintUserMessages: [Projectile_Base_C_24] Funtion entered. Overlapped object:
[2019.01.30-17.28.40:965][268]LogBlueprintUserMessages: [Projectile_Base_C_24] It's Static mesh
[2019.01.30-17.28.41:623][343]LogBlueprintUserMessages: [Projectile_Base_C_27] Funtion entered. Overlapped object:
[2019.01.30-17.28.41:623][343]LogBlueprintUserMessages: [Projectile_Base_C_27] It's Static mesh
[2019.01.30-17.28.42:603][458]LogBlueprintUserMessages: [Projectile_Base_C_28] Funtion entered. Overlapped object:
[2019.01.30-17.28.42:603][458]LogBlueprintUserMessages: [Projectile_Base_C_28] It's Static mesh
[2019.01.30-17.28.43:116][519]LogBlueprintUserMessages: [Projectile_Base_C_29] Funtion entered. Overlapped object:
[2019.01.30-17.28.43:116][519]LogBlueprintUserMessages: [Projectile_Base_C_29] It's Static mesh
[2019.01.30-17.28.43:646][582]LogBlueprintUserMessages: [Projectile_Base_C_30] Funtion entered. Overlapped object:
[2019.01.30-17.28.43:646][582]LogBlueprintUserMessages: [Projectile_Base_C_30] It's Static mesh
[2019.01.30-17.28.44:229][650]LogBlueprintUserMessages: [Projectile_Base_C_31] Funtion entered. Overlapped object:
[2019.01.30-17.28.44:230][650]LogBlueprintUserMessages: [Projectile_Base_C_31] It's Static mesh
[2019.01.30-17.28.44:412][671]LogBlueprintUserMessages: [ThirdPersonCharacter_167] Magazine index: 1
[2019.01.30-17.28.44:412][671]LogBlueprintUserMessages: [ThirdPersonCharacter_167] Is Reloading
[2019.01.30-17.28.47:706][ 56]LogBlueprintUserMessages: [ThirdPersonCharacter_167] Reloading finished
[2019.01.30-17.28.48:933][199]LogBlueprintUserMessages: [Projectile_Base_C_33] Funtion entered. Overlapped object:
[2019.01.30-17.28.48:933][199]LogBlueprintUserMessages: [Projectile_Base_C_33] It's Static mesh
[2019.01.30-17.28.48:958][202]LogBlueprintUserMessages: [Projectile_Base_C_34] Funtion entered. Overlapped object:
[2019.01.30-17.28.48:958][202]LogBlueprintUserMessages: [Projectile_Base_C_34] It's Static mesh
[2019.01.30-17.28.49:018][209]LogBlueprintUserMessages: [Projectile_Base_C_32] Funtion entered. Overlapped object:
[2019.01.30-17.28.49:018][209]LogBlueprintUserMessages: [Projectile_Base_C_32] It's Static mesh
[2019.01.30-17.28.49:140][223]LogBlueprintUserMessages: [Projectile_Base_C_35] Funtion entered. Overlapped object:
[2019.01.30-17.28.49:140][223]LogBlueprintUserMessages: [Projectile_Base_C_35] It's Static mesh
[2019.01.30-17.28.49:394][252]LogBlueprintUserMessages: [Projectile_Base_C_38] Funtion entered. Overlapped object:
[2019.01.30-17.28.49:394][252]LogBlueprintUserMessages: [Projectile_Base_C_38] It's Static mesh
[2019.01.30-17.28.49:464][260]LogBlueprintUserMessages: [Projectile_Base_C_36] Funtion entered. Overlapped object:
[2019.01.30-17.28.49:464][260]LogBlueprintUserMessages: [Projectile_Base_C_36] It's Static mesh
[2019.01.30-17.28.49:482][262]LogBlueprintUserMessages: [Projectile_Base_C_39] Funtion entered. Overlapped object:
[2019.01.30-17.28.49:482][262]LogBlueprintUserMessages: [Projectile_Base_C_39] It's Static mesh
[2019.01.30-17.28.49:510][265]LogBlueprintUserMessages: [Projectile_Base_C_37] Funtion entered. Overlapped object:
[2019.01.30-17.28.49:510][265]LogBlueprintUserMessages: [Projectile_Base_C_37] It's Static mesh
[2019.01.30-17.28.49:630][279]LogBlueprintUserMessages: [Projectile_Base_C_46] Funtion entered. Overlapped object:
[2019.01.30-17.28.49:630][279]LogBlueprintUserMessages: [Projectile_Base_C_46] It's Static mesh
[2019.01.30-17.28.49:647][281]LogBlueprintUserMessages: [Projectile_Base_C_47] Funtion entered. Overlapped object:
[2019.01.30-17.28.49:648][281]LogBlueprintUserMessages: [Projectile_Base_C_47] It's Static mesh
[2019.01.30-17.28.49:666][283]LogBlueprintUserMessages: [Projectile_Base_C_40] Funtion entered. Overlapped object:
[2019.01.30-17.28.49:666][283]LogBlueprintUserMessages: [Projectile_Base_C_40] It's Static mesh
[2019.01.30-17.28.49:718][289]LogBlueprintUserMessages: [Projectile_Base_C_45] Funtion entered. Overlapped object:
[2019.01.30-17.28.49:718][289]LogBlueprintUserMessages: [Projectile_Base_C_45] It's Static mesh
[2019.01.30-17.28.49:779][296]LogBlueprintUserMessages: [Projectile_Base_C_48] Funtion entered. Overlapped object:
[2019.01.30-17.28.49:779][296]LogBlueprintUserMessages: [Projectile_Base_C_48] It's Static mesh
[2019.01.30-17.28.49:923][313]LogBlueprintUserMessages: [Projectile_Base_C_49] Funtion entered. Overlapped object:
[2019.01.30-17.28.49:923][313]LogBlueprintUserMessages: [Projectile_Base_C_49] It's Static mesh
[2019.01.30-17.28.49:933][314]LogBlueprintUserMessages: [Projectile_Base_C_41] Funtion entered. Overlapped object:
[2019.01.30-17.28.49:933][314]LogBlueprintUserMessages: [Projectile_Base_C_41] It's Static mesh
[2019.01.30-17.28.49:933][314]LogBlueprintUserMessages: [Projectile_Base_C_51] Funtion entered. Overlapped object:
[2019.01.30-17.28.49:933][314]LogBlueprintUserMessages: [Projectile_Base_C_51] It's Static mesh
[2019.01.30-17.28.49:984][320]LogBlueprintUserMessages: [Projectile_Base_C_50] Funtion entered. Overlapped object:
[2019.01.30-17.28.49:984][320]LogBlueprintUserMessages: [Projectile_Base_C_50] It's Static mesh
[2019.01.30-17.28.50:062][329]LogBlueprintUserMessages: [Projectile_Base_C_52] Funtion entered. Overlapped object:
[2019.01.30-17.28.50:062][329]LogBlueprintUserMessages: [Projectile_Base_C_52] It's Static mesh
[2019.01.30-17.28.50:189][344]LogBlueprintUserMessages: [Projectile_Base_C_53] Funtion entered. Overlapped object:
[2019.01.30-17.28.50:189][344]LogBlueprintUserMessages: [Projectile_Base_C_53] It's Static mesh
[2019.01.30-17.28.50:279][354]LogBlueprintUserMessages: [Projectile_Base_C_54] Funtion entered. Overlapped object:
[2019.01.30-17.28.50:279][354]LogBlueprintUserMessages: [Projectile_Base_C_54] It's Static mesh
[2019.01.30-17.28.50:450][374]LogBlueprintUserMessages: [Projectile_Base_C_42] Funtion entered. Overlapped object:
[2019.01.30-17.28.50:451][374]LogBlueprintUserMessages: [Projectile_Base_C_42] It's Static mesh
[2019.01.30-17.28.50:678][401]LogBlueprintUserMessages: [Projectile_Base_C_44] Funtion entered. Overlapped object:
[2019.01.30-17.28.50:678][401]LogBlueprintUserMessages: [Projectile_Base_C_44] It's Static mesh
[2019.01.30-17.28.50:695][403]LogBlueprintUserMessages: [Projectile_Base_C_43] Funtion entered. Overlapped object:
[2019.01.30-17.28.50:695][403]LogBlueprintUserMessages: [Projectile_Base_C_43] It's Static mesh
[2019.01.30-17.28.53:183][641]LogBlueprintUserMessages: [ThirdPersonCharacter_167] Pressed E
[2019.01.30-17.28.53:183][641]LogBlueprintUserMessages: [ThirdPersonCharacter_167] Refilled lowest ammo mag
[2019.01.30-17.28.54:017][738]LogBlueprintUserMessages: [ThirdPersonCharacter_167] Pressed E
[2019.01.30-17.28.54:017][738]LogBlueprintUserMessages: [ThirdPersonCharacter_167] Refilled lowest ammo mag
[2019.01.30-17.28.55:318][890]LogBlueprintUserMessages: [Projectile_Base_C_55] Funtion entered. Overlapped object:
[2019.01.30-17.28.55:318][890]LogBlueprintUserMessages: [Projectile_Base_C_55] It's Static mesh
[2019.01.30-17.28.55:720][937]LogBlueprintUserMessages: [Projectile_Base_C_59] Funtion entered. Overlapped object:
[2019.01.30-17.28.55:720][937]LogBlueprintUserMessages: [Projectile_Base_C_59] It's Static mesh
[2019.01.30-17.28.55:837][951]LogBlueprintUserMessages: [Projectile_Base_C_57] Funtion entered. Overlapped object:
[2019.01.30-17.28.55:837][951]LogBlueprintUserMessages: [Projectile_Base_C_57] It's the great unknown
[2019.01.30-17.28.55:956][965]LogBlueprintUserMessages: [Projectile_Base_C_58] Funtion entered. Overlapped object:
[2019.01.30-17.28.55:956][965]LogBlueprintUserMessages: [Projectile_Base_C_58] It's the great unknown
[2019.01.30-17.28.56:049][976]LogBlueprintUserMessages: [Projectile_Base_C_56] Funtion entered. Overlapped object:
[2019.01.30-17.28.56:049][976]LogBlueprintUserMessages: [Projectile_Base_C_56] It's Static mesh
[2019.01.30-17.28.57:685][163]LogBlueprintUserMessages: Early EndPlayMap Detection: Level '/Game/ThirdPersonBP/Maps/ThirdPersonExampleMap.ThirdPersonExampleMap:PersistentLevel' has LevelScriptBlueprint '/Game/ThirdPersonBP/Maps/ThirdPersonExampleMap.ThirdPersonExampleMap:PersistentLevel.ThirdPersonExampleMap' with GeneratedClass '/Game/ThirdPersonBP/Maps/ThirdPersonExampleMap.ThirdPersonExampleMap_C' with ClassGeneratedBy '/Game/ThirdPersonBP/Maps/ThirdPersonExampleMap.ThirdPersonExampleMap:PersistentLevel.ThirdPersonExampleMap'
[2019.01.30-17.28.57:693][163]LogSlate: Updating window title bar state: overlay mode, drag disabled, window buttons hidden, title bar hidden
[2019.01.30-17.28.57:742][163]LogPlayLevel: Display: Shutting down PIE online subsystems
[2019.01.30-17.28.57:742][163]LogBlueprintUserMessages: Late EndPlayMap Detection: Level '/Game/ThirdPersonBP/Maps/ThirdPersonExampleMap.ThirdPersonExampleMap:PersistentLevel' has LevelScriptBlueprint '/Game/ThirdPersonBP/Maps/ThirdPersonExampleMap.ThirdPersonExampleMap:PersistentLevel.ThirdPersonExampleMap' with GeneratedClass '/Game/ThirdPersonBP/Maps/ThirdPersonExampleMap.ThirdPersonExampleMap_C' with ClassGeneratedBy '/Game/ThirdPersonBP/Maps/ThirdPersonExampleMap.ThirdPersonExampleMap:PersistentLevel.ThirdPersonExampleMap'
[2019.01.30-17.28.57:788][163]LogSlate: Updating window title bar state: overlay mode, drag disabled, window buttons hidden, title bar hidden
[2019.01.30-17.28.57:814][164]LogPlayLevel: Display: Destroying online subsystem :Context_17
